#
# A fatal error has been detected by the Java Runtime Environment:
#
#  EXCEPTION_ACCESS_VIOLATION (0xc0000005) at pc=0x0000000000000000, pid=1012, tid=15872
#
# JRE version: Java(TM) SE Runtime Environment (8.0_25-b18) (build 1.8.0_25-b18)
# Java VM: Java HotSpot(TM) 64-Bit Server VM (25.25-b02 mixed mode windows-amd64 compressed oops)
# Problematic frame:
# C  0x0000000000000000
#
# Failed to write core dump. Minidumps are not enabled by default on client versions of Windows
#
# If you would like to submit a bug report, please visit:
#   http://bugreport.sun.com/bugreport/crash.jsp
# The crash happened outside the Java Virtual Machine in native code.
# See problematic frame for where to report the bug.
#

---------------  T H R E A D  ---------------

Current thread (0x0000000028752800):  JavaThread "JavaFX Application Thread" [_thread_in_native, id=15872, stack(0x000000002bdc0000,0x000000002bec0000)]

siginfo: ExceptionCode=0xc0000005, ExceptionInformation=0x0000000000000008 0x0000000000000000

Registers:
RAX=0x0000000030e8b2f0, RBX=0x0000000030692b58, RCX=0x0000000000001701, RDX=0x000000002bebd650
RSP=0x000000002bebd588, RBP=0x000000002bebd618, RSI=0x000000000000004b, RDI=0x0000000000000000
R8 =0x0000000000001701, R9 =0x00007ffcd9331700, R10=0x00000000028a5b48, R11=0x0000000050792810
R12=0x0000000000000000, R13=0x0000000030692b58, R14=0x000000002bebd650, R15=0x0000000028752800
RIP=0x0000000000000000, EFLAGS=0x0000000000010283

Top of Stack: (sp=0x000000002bebd588)
0x000000002bebd588:   00000000028a5b74 000000002bebd5d0
0x000000002bebd598:   00000007161699b0 0000000002fff5c8
0x000000002bebd5a8:   00000007162a1ca8 000000000000004c
0x000000002bebd5b8:   00000007161ed748 00000007161699b0
0x000000002bebd5c8:   00000005c22caee8 00000005c22caee8
0x000000002bebd5d8:   000000002bebd5d8 0000000000000000
0x000000002bebd5e8:   000000002bebd650 000000003076e028
0x000000002bebd5f8:   0000000000000000 0000000030692b58
0x000000002bebd608:   0000000000000000 000000002bebd638
0x000000002bebd618:   000000002bebd698 0000000002897a2d
0x000000002bebd628:   0000000000000000 000000000289f6b8
0x000000002bebd638:   00007ffcd9331700 000000002c54af58
0x000000002bebd648:   0000000000001701 00000005d0b8d4a0
0x000000002bebd658:   000000002bebd658 0000000030692aa6
0x000000002bebd668:   000000002bebd6c0 000000003076e028
0x000000002bebd678:   0000000000000000 0000000030692ab8 

Instructions: (pc=0x0000000000000000)
0xffffffffffffffe0:   


Register to memory mapping:

RAX=0x0000000030e8b2f0 is an unknown value
RBX={method} {0x0000000030692b60} 'dispatch_glMatrixMode1' '(IJ)V' in 'jogamp/opengl/gl4/GL4bcImpl'
RCX=0x0000000000001701 is an unknown value
RDX=0x000000002bebd650 is pointing into the stack for thread: 0x0000000028752800
RSP=0x000000002bebd588 is pointing into the stack for thread: 0x0000000028752800
RBP=0x000000002bebd618 is pointing into the stack for thread: 0x0000000028752800
RSI=0x000000000000004b is an unknown value
RDI=0x0000000000000000 is an unknown value
R8 =0x0000000000001701 is an unknown value
R9 =0x00007ffcd9331700 is an unknown value
R10=0x00000000028a5b48 is at code_begin+840 in an Interpreter codelet
method entry point (kind = native)  [0x00000000028a5800, 0x00000000028a6160]  2400 bytes
R11=0x0000000050792810 is an unknown value
R12=0x0000000000000000 is an unknown value
R13={method} {0x0000000030692b60} 'dispatch_glMatrixMode1' '(IJ)V' in 'jogamp/opengl/gl4/GL4bcImpl'
R14=0x000000002bebd650 is pointing into the stack for thread: 0x0000000028752800
R15=0x0000000028752800 is a thread


Stack: [0x000000002bdc0000,0x000000002bec0000],  sp=0x000000002bebd588,  free space=1013k
Native frames: (J=compiled Java code, j=interpreted, Vv=VM code, C=native code)

Java frames: (J=compiled Java code, j=interpreted, Vv=VM code)
j  jogamp.opengl.gl4.GL4bcImpl.dispatch_glMatrixMode1(IJ)V+0
j  jogamp.opengl.gl4.GL4bcImpl.glMatrixMode(I)V+46
j  processing.opengl.PJOGL.beginGL()V+29
j  processing.opengl.PGraphicsOpenGL.beginPGL()Lprocessing/opengl/PGL;+8
j  magic.lego.controller.GameManager.loadShapeForTesting()V+97
j  magic.lego.controller.GameManager.resetGame()V+198
j  magic.lego.controller.GameManager$1.run()V+4
J 4293 C1 com.sun.javafx.application.PlatformImpl$$Lambda$58.run()Ljava/lang/Object; (8 bytes) @ 0x0000000003693a4c [0x0000000003693900+0x14c]
v  ~StubRoutines::call_stub
J 1384  java.security.AccessController.doPrivileged(Ljava/security/PrivilegedAction;Ljava/security/AccessControlContext;)Ljava/lang/Object; (0 bytes) @ 0x0000000002d5aee6 [0x0000000002d5ae80+0x66]
J 4290 C1 com.sun.javafx.application.PlatformImpl.lambda$runLater$165(Ljava/lang/Runnable;Ljava/security/AccessControlContext;)V (38 bytes) @ 0x00000000036926f4 [0x0000000003692360+0x394]
J 3983 C1 com.sun.javafx.application.PlatformImpl$$Lambda$57.run()V (12 bytes) @ 0x000000000354c74c [0x000000000354c6c0+0x8c]
J 3878 C1 com.sun.glass.ui.InvokeLaterDispatcher$Future.run()V (91 bytes) @ 0x00000000034f8d54 [0x00000000034f8c40+0x114]
v  ~StubRoutines::call_stub
j  com.sun.glass.ui.win.WinApplication._runLoop(Ljava/lang/Runnable;)V+0
j  com.sun.glass.ui.win.WinApplication.lambda$null$141(Ljava/lang/Runnable;)V+7
j  com.sun.glass.ui.win.WinApplication$$Lambda$49.run()V+8
j  java.lang.Thread.run()V+11
v  ~StubRoutines::call_stub

---------------  P R O C E S S  ---------------

Java Threads: ( => current thread )
  0x0000000028b73800 JavaThread "Image Fetcher 0" daemon [_thread_blocked, id=14996, stack(0x000000002f140000,0x000000002f240000)]
  0x0000000028b75000 JavaThread "DestroyJavaVM" [_thread_blocked, id=11352, stack(0x0000000002690000,0x0000000002790000)]
  0x0000000028b71000 JavaThread "Animation Thread-SharedResourceRunner" daemon [_thread_blocked, id=17620, stack(0x0000000030f00000,0x0000000031000000)]
  0x0000000028b74000 JavaThread "D3D Screen Updater" daemon [_thread_blocked, id=14148, stack(0x000000002ee40000,0x000000002ef40000)]
  0x000000002885d000 JavaThread "Prism Font Disposer" daemon [_thread_blocked, id=13952, stack(0x000000002da70000,0x000000002db70000)]
  0x0000000028859000 JavaThread "AWT-EventQueue-0" [_thread_in_native, id=14288, stack(0x000000002c3c0000,0x000000002c4c0000)]
  0x0000000028857800 JavaThread "Animation Thread" [_thread_blocked, id=9900, stack(0x000000002c2c0000,0x000000002c3c0000)]
  0x0000000028735000 JavaThread "Thread-3" daemon [_thread_in_native, id=15136, stack(0x000000002bfc0000,0x000000002c0c0000)]
=>0x0000000028752800 JavaThread "JavaFX Application Thread" [_thread_in_native, id=15872, stack(0x000000002bdc0000,0x000000002bec0000)]
  0x0000000028752000 JavaThread "Thread-2" daemon [_thread_blocked, id=656, stack(0x000000002bcc0000,0x000000002bdc0000)]
  0x00000000286f3800 JavaThread "QuantumRenderer-0" daemon [_thread_blocked, id=17200, stack(0x000000002bbc0000,0x000000002bcc0000)]
  0x000000002865c800 JavaThread "AWT-Windows" daemon [_thread_in_native, id=12528, stack(0x0000000029000000,0x0000000029100000)]
  0x0000000027b6e800 JavaThread "AWT-Shutdown" [_thread_blocked, id=920, stack(0x0000000028f00000,0x0000000029000000)]
  0x0000000027b6d800 JavaThread "Java2D Disposer" daemon [_thread_blocked, id=15704, stack(0x0000000028e00000,0x0000000028f00000)]
  0x0000000027836000 JavaThread "Service Thread" daemon [_thread_blocked, id=3972, stack(0x0000000028170000,0x0000000028270000)]
  0x00000000277ac800 JavaThread "C1 CompilerThread3" daemon [_thread_blocked, id=9188, stack(0x0000000028070000,0x0000000028170000)]
  0x00000000277ab000 JavaThread "C2 CompilerThread2" daemon [_thread_in_native, id=14776, stack(0x0000000027f70000,0x0000000028070000)]
  0x0000000027799800 JavaThread "C2 CompilerThread1" daemon [_thread_in_native, id=16856, stack(0x0000000027e70000,0x0000000027f70000)]
  0x0000000027797800 JavaThread "C2 CompilerThread0" daemon [_thread_in_native, id=15468, stack(0x0000000027d70000,0x0000000027e70000)]
  0x0000000027795800 JavaThread "Attach Listener" daemon [_thread_blocked, id=7440, stack(0x0000000027c70000,0x0000000027d70000)]
  0x00000000257be000 JavaThread "Signal Dispatcher" daemon [_thread_blocked, id=12924, stack(0x0000000027b70000,0x0000000027c70000)]
  0x0000000002886000 JavaThread "Finalizer" daemon [_thread_blocked, id=12164, stack(0x0000000027670000,0x0000000027770000)]
  0x000000000287f000 JavaThread "Reference Handler" daemon [_thread_blocked, id=17712, stack(0x0000000027570000,0x0000000027670000)]

Other Threads:
  0x00000000257a8800 VMThread [stack: 0x0000000027470000,0x0000000027570000] [id=6952]
  0x0000000027839000 WatcherThread [stack: 0x0000000028270000,0x0000000028370000] [id=7316]

VM state:not at safepoint (normal execution)

VM Mutex/Monitor currently owned by a thread: None

Heap:
 PSYoungGen      total 417280K, used 104184K [0x0000000716100000, 0x000000073c800000, 0x00000007c0000000)
  eden space 352256K, 16% used [0x0000000716100000,0x00000007199ffcb0,0x000000072b900000)
  from space 65024K, 70% used [0x0000000738880000,0x000000073b53e410,0x000000073c800000)
  to   space 138752K, 0% used [0x000000072b900000,0x000000072b900000,0x0000000734080000)
 ParOldGen       total 690688K, used 245491K [0x00000005c2200000, 0x00000005ec480000, 0x0000000716100000)
  object space 690688K, 35% used [0x00000005c2200000,0x00000005d11bcf38,0x00000005ec480000)
 Metaspace       used 32708K, capacity 33603K, committed 33792K, reserved 1079296K
  class space    used 4095K, capacity 4287K, committed 4352K, reserved 1048576K

Card table byte_map: [0x0000000011c50000,0x0000000012c40000] byte_map_base: 0x000000000ee3f000

Marking Bits: (ParMarkBitMap*) 0x0000000050d5d490
 Begin Bits: [0x0000000013ee0000, 0x000000001be58000)
 End Bits:   [0x000000001be58000, 0x0000000023dd0000)

Polling page: 0x0000000000d00000

CodeCache: size=245760Kb used=13715Kb max_used=15026Kb free=232044Kb
 bounds [0x0000000002890000, 0x0000000003750000, 0x0000000011890000]
 total_blobs=5346 nmethods=4194 adapters=1064
 compilation: enabled

Compilation events (10 events):
Event: 12.760 Thread 0x00000000277ac800 4719       3       java.awt.Component::dispatchEventImpl (883 bytes)
Event: 12.764 Thread 0x00000000277ab000 nmethod 4718 0x0000000002b8a750 code [0x0000000002b8a8c0, 0x0000000002b8b158]
Event: 12.766 Thread 0x00000000277ac800 nmethod 4719 0x00000000033c1850 code [0x00000000033c2260, 0x00000000033caa28]
Event: 12.783 Thread 0x00000000277ac800 4721       3       java.nio.charset.Charset::lookup (44 bytes)
Event: 12.783 Thread 0x0000000027799800 4722 %     4       sun.nio.cs.UTF_8$Decoder::decodeArrayLoop @ 73 (691 bytes)
Event: 12.783 Thread 0x00000000277ac800 nmethod 4721 0x0000000002b5e7d0 code [0x0000000002b5e980, 0x0000000002b5ee48]
Event: 12.784 Thread 0x0000000027797800 4723 %     4       java.util.regex.Matcher::search @ 46 (109 bytes)
Event: 12.785 Thread 0x00000000277ab000 4724 % !   4       processing.core.PShapeOBJ::parseOBJ @ 28 (928 bytes)
Event: 12.786 Thread 0x00000000277ac800 4725       3       java.util.regex.Pattern::compile (406 bytes)
Event: 12.788 Thread 0x00000000277ac800 nmethod 4725 0x0000000003160e50 code [0x0000000003161200, 0x00000000031634c8]

GC Heap History (10 events):
Event: 1.680 GC heap before
{Heap before GC invocations=4 (full 1):
 PSYoungGen      total 152576K, used 152567K [0x0000000716100000, 0x0000000722f80000, 0x00000007c0000000)
  eden space 131072K, 100% used [0x0000000716100000,0x000000071e100000,0x000000071e100000)
  from space 21504K, 99% used [0x000000071f600000,0x0000000720afdf80,0x0000000720b00000)
  to   space 21504K, 0% used [0x000000071e100000,0x000000071e100000,0x000000071f600000)
 ParOldGen       total 245760K, used 32602K [0x00000005c2200000, 0x00000005d1200000, 0x0000000716100000)
  object space 245760K, 13% used [0x00000005c2200000,0x00000005c41d69f0,0x00000005d1200000)
 Metaspace       used 27673K, capacity 28659K, committed 28928K, reserved 1075200K
  class space    used 3585K, capacity 3799K, committed 3840K, reserved 1048576K
Event: 1.708 GC heap after
Heap after GC invocations=4 (full 1):
 PSYoungGen      total 152576K, used 21493K [0x0000000716100000, 0x0000000726800000, 0x00000007c0000000)
  eden space 131072K, 0% used [0x0000000716100000,0x0000000716100000,0x000000071e100000)
  from space 21504K, 99% used [0x000000071e100000,0x000000071f5fd4e8,0x000000071f600000)
  to   space 21504K, 0% used [0x0000000725300000,0x0000000725300000,0x0000000726800000)
 ParOldGen       total 245760K, used 90690K [0x00000005c2200000, 0x00000005d1200000, 0x0000000716100000)
  object space 245760K, 36% used [0x00000005c2200000,0x00000005c7a909f0,0x00000005d1200000)
 Metaspace       used 27673K, capacity 28659K, committed 28928K, reserved 1075200K
  class space    used 3585K, capacity 3799K, committed 3840K, reserved 1048576K
}
Event: 1.782 GC heap before
{Heap before GC invocations=5 (full 1):
 PSYoungGen      total 152576K, used 152565K [0x0000000716100000, 0x0000000726800000, 0x00000007c0000000)
  eden space 131072K, 100% used [0x0000000716100000,0x000000071e100000,0x000000071e100000)
  from space 21504K, 99% used [0x000000071e100000,0x000000071f5fd4e8,0x000000071f600000)
  to   space 21504K, 0% used [0x0000000725300000,0x0000000725300000,0x0000000726800000)
 ParOldGen       total 245760K, used 90690K [0x00000005c2200000, 0x00000005d1200000, 0x0000000716100000)
  object space 245760K, 36% used [0x00000005c2200000,0x00000005c7a909f0,0x00000005d1200000)
 Metaspace       used 27678K, capacity 28659K, committed 28928K, reserved 1075200K
  class space    used 3585K, capacity 3799K, committed 3840K, reserved 1048576K
Event: 1.813 GC heap after
Heap after GC invocations=5 (full 1):
 PSYoungGen      total 247808K, used 21487K [0x0000000716100000, 0x0000000727300000, 0x00000007c0000000)
  eden space 226304K, 0% used [0x0000000716100000,0x0000000716100000,0x0000000723e00000)
  from space 21504K, 99% used [0x0000000725300000,0x00000007267fbce0,0x0000000726800000)
  to   space 21504K, 0% used [0x0000000723e00000,0x0000000723e00000,0x0000000725300000)
 ParOldGen       total 245760K, used 147056K [0x00000005c2200000, 0x00000005d1200000, 0x0000000716100000)
  object space 245760K, 59% used [0x00000005c2200000,0x00000005cb19c230,0x00000005d1200000)
 Metaspace       used 27678K, capacity 28659K, committed 28928K, reserved 1075200K
  class space    used 3585K, capacity 3799K, committed 3840K, reserved 1048576K
}
Event: 1.954 GC heap before
{Heap before GC invocations=6 (full 1):
 PSYoungGen      total 247808K, used 247791K [0x0000000716100000, 0x0000000727300000, 0x00000007c0000000)
  eden space 226304K, 100% used [0x0000000716100000,0x0000000723e00000,0x0000000723e00000)
  from space 21504K, 99% used [0x0000000725300000,0x00000007267fbce0,0x0000000726800000)
  to   space 21504K, 0% used [0x0000000723e00000,0x0000000723e00000,0x0000000725300000)
 ParOldGen       total 245760K, used 147056K [0x00000005c2200000, 0x00000005d1200000, 0x0000000716100000)
  object space 245760K, 59% used [0x00000005c2200000,0x00000005cb19c230,0x00000005d1200000)
 Metaspace       used 27690K, capacity 28659K, committed 28928K, reserved 1075200K
  class space    used 3585K, capacity 3799K, committed 3840K, reserved 1048576K
Event: 2.014 GC heap after
Heap after GC invocations=6 (full 1):
 PSYoungGen      total 247808K, used 21495K [0x0000000716100000, 0x0000000741780000, 0x00000007c0000000)
  eden space 226304K, 0% used [0x0000000716100000,0x0000000716100000,0x0000000723e00000)
  from space 21504K, 99% used [0x0000000723e00000,0x00000007252fdfb0,0x0000000725300000)
  to   space 146432K, 0% used [0x0000000738880000,0x0000000738880000,0x0000000741780000)
 ParOldGen       total 245760K, used 245633K [0x00000005c2200000, 0x00000005d1200000, 0x0000000716100000)
  object space 245760K, 99% used [0x00000005c2200000,0x00000005d11e0548,0x00000005d1200000)
 Metaspace       used 27690K, capacity 28659K, committed 28928K, reserved 1075200K
  class space    used 3585K, capacity 3799K, committed 3840K, reserved 1048576K
}
Event: 2.014 GC heap before
{Heap before GC invocations=7 (full 2):
 PSYoungGen      total 247808K, used 21495K [0x0000000716100000, 0x0000000741780000, 0x00000007c0000000)
  eden space 226304K, 0% used [0x0000000716100000,0x0000000716100000,0x0000000723e00000)
  from space 21504K, 99% used [0x0000000723e00000,0x00000007252fdfb0,0x0000000725300000)
  to   space 146432K, 0% used [0x0000000738880000,0x0000000738880000,0x0000000741780000)
 ParOldGen       total 245760K, used 245633K [0x00000005c2200000, 0x00000005d1200000, 0x0000000716100000)
  object space 245760K, 99% used [0x00000005c2200000,0x00000005d11e0548,0x00000005d1200000)
 Metaspace       used 27690K, capacity 28659K, committed 28928K, reserved 1075200K
  class space    used 3585K, capacity 3799K, committed 3840K, reserved 1048576K
Event: 2.313 GC heap after
Heap after GC invocations=7 (full 2):
 PSYoungGen      total 247808K, used 14383K [0x0000000716100000, 0x0000000741780000, 0x00000007c0000000)
  eden space 226304K, 0% used [0x0000000716100000,0x0000000716100000,0x0000000723e00000)
  from space 21504K, 66% used [0x0000000723e00000,0x0000000724c0bd98,0x0000000725300000)
  to   space 146432K, 0% used [0x0000000738880000,0x0000000738880000,0x0000000741780000)
 ParOldGen       total 690688K, used 245419K [0x00000005c2200000, 0x00000005ec480000, 0x0000000716100000)
  object space 690688K, 35% used [0x00000005c2200000,0x00000005d11aaf28,0x00000005ec480000)
 Metaspace       used 27690K, capacity 28659K, committed 28928K, reserved 1075200K
  class space    used 3585K, capacity 3799K, committed 3840K, reserved 1048576K
}
Event: 10.214 GC heap before
{Heap before GC invocations=8 (full 2):
 PSYoungGen      total 247808K, used 240687K [0x0000000716100000, 0x0000000741780000, 0x00000007c0000000)
  eden space 226304K, 100% used [0x0000000716100000,0x0000000723e00000,0x0000000723e00000)
  from space 21504K, 66% used [0x0000000723e00000,0x0000000724c0bd98,0x0000000725300000)
  to   space 146432K, 0% used [0x0000000738880000,0x0000000738880000,0x0000000741780000)
 ParOldGen       total 690688K, used 245419K [0x00000005c2200000, 0x00000005ec480000, 0x0000000716100000)
  object space 690688K, 35% used [0x00000005c2200000,0x00000005d11aaf28,0x00000005ec480000)
 Metaspace       used 32459K, capacity 33411K, committed 33536K, reserved 1079296K
  class space    used 4095K, capacity 4287K, committed 4352K, reserved 1048576K
Event: 10.241 GC heap after
Heap after GC invocations=8 (full 2):
 PSYoungGen      total 417280K, used 45817K [0x0000000716100000, 0x000000073c800000, 0x00000007c0000000)
  eden space 352256K, 0% used [0x0000000716100000,0x0000000716100000,0x000000072b900000)
  from space 65024K, 70% used [0x0000000738880000,0x000000073b53e410,0x000000073c800000)
  to   space 138752K, 0% used [0x000000072b900000,0x000000072b900000,0x0000000734080000)
 ParOldGen       total 690688K, used 245491K [0x00000005c2200000, 0x00000005ec480000, 0x0000000716100000)
  object space 690688K, 35% used [0x00000005c2200000,0x00000005d11bcf38,0x00000005ec480000)
 Metaspace       used 32459K, capacity 33411K, committed 33536K, reserved 1079296K
  class space    used 4095K, capacity 4287K, committed 4352K, reserved 1048576K
}

Deoptimization events (10 events):
Event: 3.311 Thread 0x0000000028859000 Uncommon trap: reason=class_check action=maybe_recompile pc=0x000000000312f194 method=com.jogamp.common.nio.Buffers.getDirectBufferByteOffset(Ljava/lang/Object;)I @ 42
Event: 3.979 Thread 0x0000000028859000 Uncommon trap: reason=unloaded action=reinterpret pc=0x000000000334ea10 method=magic.lego.controller.GameManager.checkCollisionPointAndBox(Lremixlab/dandelion/geom/Vec;)I @ 323
Event: 8.751 Thread 0x0000000028752800 Uncommon trap: reason=unreached action=reinterpret pc=0x000000000330a0c4 method=java.util.regex.Pattern.compile()V @ 271
Event: 8.751 Thread 0x0000000028752800 Uncommon trap: reason=class_check action=maybe_recompile pc=0x0000000003175228 method=java.util.regex.Pattern$Start.match(Ljava/util/regex/Matcher;ILjava/lang/CharSequence;)Z @ 44
Event: 8.756 Thread 0x0000000028b73800 Uncommon trap: reason=unreached action=reinterpret pc=0x0000000003120a50 method=sun.awt.image.PNGImageDecoder.filterRow([B[BIII)V @ 221
Event: 8.761 Thread 0x0000000028752800 Uncommon trap: reason=class_check action=maybe_recompile pc=0x0000000003175228 method=java.util.regex.Pattern$Start.match(Ljava/util/regex/Matcher;ILjava/lang/CharSequence;)Z @ 44
Event: 8.762 Thread 0x0000000028752800 Uncommon trap: reason=class_check action=maybe_recompile pc=0x0000000003175228 method=java.util.regex.Pattern$Start.match(Ljava/util/regex/Matcher;ILjava/lang/CharSequence;)Z @ 44
Event: 8.762 Thread 0x0000000028752800 Uncommon trap: reason=class_check action=maybe_recompile pc=0x0000000003175228 method=java.util.regex.Pattern$Start.match(Ljava/util/regex/Matcher;ILjava/lang/CharSequence;)Z @ 44
Event: 10.244 Thread 0x0000000028859000 Uncommon trap: reason=unreached action=reinterpret pc=0x000000000349d73c method=processing.opengl.PGraphicsOpenGL.deleteFinalizedVertexBufferObjects(Lprocessing/opengl/PGL;)V @ 127
Event: 10.246 Thread 0x0000000028859000 Uncommon trap: reason=unreached action=reinterpret pc=0x000000000348033c method=processing.opengl.PGraphicsOpenGL.deleteFinalizedVertexBufferObjects(Lprocessing/opengl/PGL;)V @ 127

Internal exceptions (10 events):
Event: 3.847 Thread 0x0000000028859000 Exception <a 'java/security/PrivilegedActionException'> (0x000000071d8fdde0) thrown at [D:\re\workspace\8-2-build-windows-amd64-cygwin\jdk8u25\1677\hotspot\src\share\vm\prims\jvm.cpp, line 1312]
Event: 3.847 Thread 0x0000000028859000 Exception <a 'java/security/PrivilegedActionException'> (0x000000071d8ffe60) thrown at [D:\re\workspace\8-2-build-windows-amd64-cygwin\jdk8u25\1677\hotspot\src\share\vm\prims\jvm.cpp, line 1312]
Event: 4.879 Thread 0x0000000028859000 Exception <a 'java/security/PrivilegedActionException'> (0x000000071f4971c8) thrown at [D:\re\workspace\8-2-build-windows-amd64-cygwin\jdk8u25\1677\hotspot\src\share\vm\prims\jvm.cpp, line 1312]
Event: 6.863 Thread 0x0000000028859000 Exception <a 'java/security/PrivilegedActionException'> (0x00000007207dda40) thrown at [D:\re\workspace\8-2-build-windows-amd64-cygwin\jdk8u25\1677\hotspot\src\share\vm\prims\jvm.cpp, line 1312]
Event: 8.749 Thread 0x0000000028859000 Exception <a 'java/security/PrivilegedActionException'> (0x000000072330b8d0) thrown at [D:\re\workspace\8-2-build-windows-amd64-cygwin\jdk8u25\1677\hotspot\src\share\vm\prims\jvm.cpp, line 1312]
Event: 8.756 Thread 0x0000000028b73800 Implicit null exception at 0x00000000031202e2 to 0x0000000003120a39
Event: 12.782 Thread 0x0000000028859000 Exception <a 'java/security/PrivilegedActionException'> (0x0000000719811ae8) thrown at [D:\re\workspace\8-2-build-windows-amd64-cygwin\jdk8u25\1677\hotspot\src\share\vm\prims\jvm.cpp, line 1312]
Event: 12.784 Thread 0x0000000028752800 Exception <a 'java/lang/ClassNotFoundException': sun/net/www/protocol/l/Handler> (0x00000007161713d8) thrown at [D:\re\workspace\8-2-build-windows-amd64-cygwin\jdk8u25\1677\hotspot\src\share\vm\classfile\systemDictionary.cpp, line 202]
Event: 12.784 Thread 0x0000000028752800 Exception <a 'java/security/PrivilegedActionException'> (0x0000000716171bc8) thrown at [D:\re\workspace\8-2-build-windows-amd64-cygwin\jdk8u25\1677\hotspot\src\share\vm\prims\jvm.cpp, line 1312]
Event: 12.784 Thread 0x0000000028752800 Exception <a 'java/security/PrivilegedActionException'> (0x00000007161737b8) thrown at [D:\re\workspace\8-2-build-windows-amd64-cygwin\jdk8u25\1677\hotspot\src\share\vm\prims\jvm.cpp, line 1312]

Events (10 events):
Event: 11.509 Thread 0x0000000028859000 DEOPT PACKING pc=0x0000000002c3a317 sp=0x000000002c4bdbc0
Event: 11.509 Thread 0x0000000028859000 DEOPT UNPACKING pc=0x00000000028d75bf sp=0x000000002c4bd938 mode 0
Event: 11.977 Thread 0x0000000028859000 DEOPT PACKING pc=0x000000000335ec7e sp=0x000000002c4be180
Event: 11.977 Thread 0x0000000028859000 DEOPT UNPACKING pc=0x00000000028d75bf sp=0x000000002c4bde98 mode 0
Event: 12.782 loading class magic/lego/controller/GameManager$1
Event: 12.782 loading class magic/lego/controller/GameManager$1 done
Event: 12.784 loading class sun/net/www/protocol/l/Handler
Event: 12.784 loading class sun/net/www/protocol/l/Handler done
Event: 12.784 loading class sun/net/www/protocol/l/Handler
Event: 12.784 loading class sun/net/www/protocol/l/Handler done


Dynamic libraries:
0x00007ff7fbe00000 - 0x00007ff7fbe34000 	C:\Program Files\Java\jre1.8.0_25\bin\javaw.exe
0x00007ffceae10000 - 0x00007ffceafb6000 	C:\Windows\SYSTEM32\ntdll.dll
0x00007ffcea550000 - 0x00007ffcea68a000 	C:\Windows\system32\KERNEL32.DLL
0x00007ffce8480000 - 0x00007ffce858f000 	C:\Windows\system32\KERNELBASE.dll
0x00007ffce6d90000 - 0x00007ffce6e18000 	C:\Windows\system32\apphelp.dll
0x00007ffce34e0000 - 0x00007ffce352f000 	C:\Windows\AppPatch\AppPatch64\AcGenral.DLL
0x00007ffce8690000 - 0x00007ffce8737000 	C:\Windows\system32\msvcrt.dll
0x00007ffce8030000 - 0x00007ffce805b000 	C:\Windows\SYSTEM32\SspiCli.dll
0x00007ffceac30000 - 0x00007ffceac81000 	C:\Windows\system32\SHLWAPI.dll
0x00007ffceac90000 - 0x00007ffceae01000 	C:\Windows\system32\USER32.dll
0x00007ffce9fb0000 - 0x00007ffcea128000 	C:\Windows\system32\ole32.dll
0x00007ffce8ba0000 - 0x00007ffce9faf000 	C:\Windows\system32\SHELL32.dll
0x00007ffce77f0000 - 0x00007ffce780e000 	C:\Windows\SYSTEM32\USERENV.dll
0x00007ffceab20000 - 0x00007ffceabc5000 	C:\Windows\system32\ADVAPI32.dll
0x00007ffcde560000 - 0x00007ffcde57b000 	C:\Windows\SYSTEM32\MPR.dll
0x00007ffce8a60000 - 0x00007ffce8b97000 	C:\Windows\system32\RPCRT4.dll
0x00007ffcea870000 - 0x00007ffcea8c7000 	C:\Windows\SYSTEM32\sechost.dll
0x00007ffce8820000 - 0x00007ffce89f6000 	C:\Windows\SYSTEM32\combase.dll
0x00007ffcea3a0000 - 0x00007ffcea4e4000 	C:\Windows\system32\GDI32.dll
0x00007ffce8180000 - 0x00007ffce8194000 	C:\Windows\SYSTEM32\profapi.dll
0x00007ffce6780000 - 0x00007ffce681f000 	C:\Windows\SYSTEM32\SHCORE.dll
0x00007ffcea4f0000 - 0x00007ffcea524000 	C:\Windows\system32\IMM32.DLL
0x00007ffcea930000 - 0x00007ffceaa69000 	C:\Windows\system32\MSCTF.dll
0x00007ffce5f80000 - 0x00007ffce61da000 	C:\Windows\WinSxS\amd64_microsoft.windows.common-controls_6595b64144ccf1df_6.0.9600.17031_none_6242a4b3ecbb55a1\COMCTL32.dll
0x0000000050380000 - 0x0000000050452000 	C:\Program Files\Java\jre1.8.0_25\bin\msvcr100.dll
0x0000000050580000 - 0x0000000050dda000 	C:\Program Files\Java\jre1.8.0_25\bin\server\jvm.dll
0x00007ffcdf700000 - 0x00007ffcdf709000 	C:\Windows\SYSTEM32\WSOCK32.dll
0x00007ffce4540000 - 0x00007ffce455f000 	C:\Windows\SYSTEM32\WINMM.dll
0x00007ffcea130000 - 0x00007ffcea137000 	C:\Windows\system32\PSAPI.DLL
0x00007ffceabd0000 - 0x00007ffceac28000 	C:\Windows\system32\WS2_32.dll
0x00007ffce44d0000 - 0x00007ffce44fa000 	C:\Windows\SYSTEM32\WINMMBASE.dll
0x00007ffcea540000 - 0x00007ffcea549000 	C:\Windows\system32\NSI.dll
0x00007ffce8250000 - 0x00007ffce829a000 	C:\Windows\SYSTEM32\cfgmgr32.dll
0x00007ffce6fe0000 - 0x00007ffce7006000 	C:\Windows\SYSTEM32\DEVOBJ.dll
0x0000000050570000 - 0x000000005057f000 	C:\Program Files\Java\jre1.8.0_25\bin\verify.dll
0x0000000050540000 - 0x0000000050568000 	C:\Program Files\Java\jre1.8.0_25\bin\java.dll
0x0000000050520000 - 0x0000000050536000 	C:\Program Files\Java\jre1.8.0_25\bin\zip.dll
0x00000000501e0000 - 0x0000000050378000 	C:\Program Files\Java\jre1.8.0_25\bin\awt.dll
0x00007ffce8740000 - 0x00007ffce8801000 	C:\Windows\system32\OLEAUT32.dll
0x00007ffce65b0000 - 0x00007ffce65d0000 	C:\Windows\system32\DWMAPI.DLL
0x00007ffce6e60000 - 0x00007ffce6f81000 	C:\Windows\system32\uxtheme.dll
0x0000000050090000 - 0x00000000500c4000 	C:\Programe Files\Fraps\fraps64.dll
0x00007ffce7030000 - 0x00007ffce703a000 	C:\Windows\SYSTEM32\kernel.appcore.dll
0x00007ffce80c0000 - 0x00007ffce80ca000 	C:\Windows\SYSTEM32\CRYPTBASE.dll
0x00007ffce8060000 - 0x00007ffce80c0000 	C:\Windows\SYSTEM32\bcryptPrimitives.dll
0x00007ffcdef60000 - 0x00007ffcdf168000 	C:\Windows\system32\d3d9.dll
0x00007ffce4560000 - 0x00007ffce456a000 	C:\Windows\SYSTEM32\VERSION.dll
0x00007ffcc2d50000 - 0x00007ffcc3dbc000 	C:\Windows\SYSTEM32\nvd3dumx.dll
0x0000000180000000 - 0x0000000180179000 	C:\Windows\system32\nvspcap64.dll
0x00007ffce7810000 - 0x00007ffce7855000 	C:\Windows\system32\powrprof.dll
0x00007ffcdcff0000 - 0x00007ffcdd15b000 	C:\Program Files (x86)\NVIDIA Corporation\3D Vision\nvSCPAPI64.dll
0x00007ffcea690000 - 0x00007ffcea864000 	C:\Windows\system32\SETUPAPI.dll
0x00000000501b0000 - 0x00000000501dc000 	C:\Program Files\Java\jre1.8.0_25\bin\prism_d3d.dll
0x0000000050160000 - 0x00000000501a2000 	C:\Program Files\Java\jre1.8.0_25\bin\glass.dll
0x00007ffcea300000 - 0x00007ffcea39e000 	C:\Windows\system32\COMDLG32.dll
0x0000000050140000 - 0x0000000050155000 	C:\Program Files\Java\jre1.8.0_25\bin\javafx_font.dll
0x00007ffce3e20000 - 0x00007ffce4007000 	C:\Windows\SYSTEM32\dwrite.dll
0x00000000500f0000 - 0x0000000050137000 	C:\Program Files\Java\jre1.8.0_25\bin\fontmanager.dll
0x00007ffce7af0000 - 0x00007ffce7b0e000 	C:\Windows\SYSTEM32\CRYPTSP.dll
0x00007ffce76e0000 - 0x00007ffce7715000 	C:\Windows\system32\rsaenh.dll
0x00007ffce7d30000 - 0x00007ffce7d56000 	C:\Windows\SYSTEM32\bcrypt.dll
0x0000000050500000 - 0x000000005051a000 	C:\Program Files\Java\jre1.8.0_25\bin\net.dll
0x00007ffce7a90000 - 0x00007ffce7ae8000 	C:\Windows\system32\mswsock.dll
0x00007ffce24e0000 - 0x00007ffce2509000 	C:\Windows\SYSTEM32\IPHLPAPI.DLL
0x00007ffce24c0000 - 0x00007ffce24ca000 	C:\Windows\SYSTEM32\WINNSI.DLL
0x00007ffce13c0000 - 0x00007ffce13d4000 	C:\Windows\SYSTEM32\dhcpcsvc6.DLL
0x00007ffce15c0000 - 0x00007ffce15d9000 	C:\Windows\SYSTEM32\dhcpcsvc.DLL
0x00000000504e0000 - 0x00000000504f1000 	C:\Program Files\Java\jre1.8.0_25\bin\nio.dll
0x000000002a600000 - 0x000000002a60d000 	C:\Users\Bili\AppData\Local\Temp\jogamp_0000\file_cache\jln6623035052707722475\jln5592975941885859770\gluegen-rt.dll
0x0000000052460000 - 0x0000000052467000 	C:\Program Files\Java\jre1.8.0_25\bin\jawt.dll
0x000000006a440000 - 0x000000006a44d000 	C:\Users\Bili\AppData\Local\Temp\jogamp_0000\file_cache\jln6623035052707722475\jln5592975941885859770\nativewindow_awt.dll
0x000000006c100000 - 0x000000006c10f000 	C:\Users\Bili\AppData\Local\Temp\jogamp_0000\file_cache\jln6623035052707722475\jln5592975941885859770\nativewindow_win32.dll
0x00007ffceaa70000 - 0x00007ffceab14000 	C:\Windows\SYSTEM32\clbcatq.dll
0x00007ffcd9d20000 - 0x00007ffcd9dda000 	C:\Windows\System32\IME\IMEKR\imkrtip.dll
0x00007ffce2690000 - 0x00007ffce27ff000 	C:\Windows\SYSTEM32\PROPSYS.dll
0x00007ffcd26f0000 - 0x00007ffcd27dc000 	C:\Windows\System32\IME\shared\imetip.dll
0x00007ffce4080000 - 0x00007ffce40e3000 	C:\Windows\SYSTEM32\OLEACC.dll
0x00007ffce65d0000 - 0x00007ffce677a000 	C:\Windows\SYSTEM32\DUI70.dll
0x00007ffcdc550000 - 0x00007ffcdc57d000 	C:\Windows\System32\IME\IMEKR\imkrapi.dll
0x00007ffcd9e40000 - 0x00007ffcd9e74000 	C:\Windows\System32\IME\shared\imjkapi.dll
0x00007ffce2f80000 - 0x00007ffce2fb0000 	C:\Windows\SYSTEM32\ntmarta.dll
0x00007ffce6400000 - 0x00007ffce65ae000 	C:\Windows\SYSTEM32\WindowsCodecs.dll
0x00007ffcd9250000 - 0x00007ffcd9371000 	C:\Windows\SYSTEM32\OpenGL32.dll
0x00007ffcdc220000 - 0x00007ffcdc24c000 	C:\Windows\SYSTEM32\GLU32.dll
0x00007ffcd7dc0000 - 0x00007ffcd7eb4000 	C:\Windows\SYSTEM32\DDRAW.dll
0x00007ffcdbd40000 - 0x00007ffcdbd49000 	C:\Windows\SYSTEM32\DCIMAN32.dll
0x0000000030e60000 - 0x0000000030f00000 	C:\Users\Bili\AppData\Local\Temp\jogamp_0000\file_cache\jln6623035052707722475\jln5592975941885859770\jogl_desktop.dll
0x0000000076120000 - 0x0000000077ff9000 	C:\Windows\SYSTEM32\nvoglv64.DLL
0x00007ffce6d70000 - 0x00007ffce6d81000 	C:\Windows\SYSTEM32\WTSAPI32.dll
0x00007ffce8590000 - 0x00007ffce85dc000 	C:\Windows\system32\WINTRUST.dll
0x00007ffce82a0000 - 0x00007ffce847f000 	C:\Windows\system32\CRYPT32.dll
0x00007ffce8230000 - 0x00007ffce8242000 	C:\Windows\system32\MSASN1.dll
0x00000000500d0000 - 0x00000000500e1000 	C:\Program Files\Java\jre1.8.0_25\bin\prism_common.dll
0x00007ffce1b80000 - 0x00007ffce1fe7000 	C:\Windows\SYSTEM32\d2d1.dll
0x00007ffce61f0000 - 0x00007ffce63f8000 	C:\Windows\SYSTEM32\d3d11.dll
0x00007ffce5f00000 - 0x00007ffce5f7f000 	C:\Windows\SYSTEM32\dxgi.dll
0x00007ffcd45b0000 - 0x00007ffcd47fc000 	C:\Windows\SYSTEM32\D3D10Warp.dll
0x00007ffce7410000 - 0x00007ffce7467000 	C:\Windows\SYSTEM32\WINSTA.dll
0x0000000032f70000 - 0x0000000032fc4000 	F:\Office and Education\unikey40RC2-1101-win64\UKHook40.dll
0x00007ffcd3580000 - 0x00007ffcd3835000 	C:\Windows\system32\explorerframe.dll
0x00007ffce5e50000 - 0x00007ffce5ef1000 	C:\Windows\system32\DUser.dll
0x00007ffce1260000 - 0x00007ffce1379000 	C:\Windows\System32\Windows.Globalization.dll
0x00007ffce4470000 - 0x00007ffce44ce000 	C:\Windows\System32\Bcp47Langs.dll
0x00007ffcc78e0000 - 0x00007ffcc790b000 	C:\Windows\SYSTEM32\globinputhost.dll
0x00007ffccae70000 - 0x00007ffccaf08000 	C:\Program Files\Common Files\microsoft shared\ink\tiptsf.dll
0x00007ffcd0920000 - 0x00007ffcd09b3000 	C:\Windows\System32\StructuredQuery.dll
0x00007ffcda360000 - 0x00007ffcda620000 	C:\Windows\System32\actxprxy.dll
0x00007ffcd3140000 - 0x00007ffcd316b000 	C:\Windows\System32\thumbcache.dll
0x00007ffcd0800000 - 0x00007ffcd0912000 	C:\Windows\system32\SearchFolder.dll
0x00007ffccfec0000 - 0x00007ffccfefa000 	C:\Windows\system32\RemoteFileBrowse.dll
0x00007ffcde5a0000 - 0x00007ffcde5ed000 	C:\Windows\system32\framedynos.dll
0x00007ffcd0b50000 - 0x00007ffcd0cec000 	C:\Windows\system32\NetworkExplorer.dll
0x00007ffcd9380000 - 0x00007ffcd9435000 	C:\Windows\System32\twinapi.dll
0x00007ffcd3840000 - 0x00007ffcd38c9000 	C:\Windows\System32\twinapi.appcore.dll
0x00007ffce42a0000 - 0x00007ffce42ab000 	C:\Windows\System32\drprov.dll
0x00007ffce4210000 - 0x00007ffce4225000 	C:\Windows\System32\ntlanman.dll
0x00007ffce3a70000 - 0x00007ffce3a8e000 	C:\Windows\System32\davclnt.dll
0x00007ffce4290000 - 0x00007ffce429b000 	C:\Windows\System32\DAVHLPR.dll
0x00007ffce2c90000 - 0x00007ffce2ca6000 	C:\Windows\System32\wkscli.dll
0x00007ffcdc970000 - 0x00007ffcdc980000 	C:\Windows\SYSTEM32\cscapi.dll
0x00007ffce7470000 - 0x00007ffce747c000 	C:\Windows\System32\netutils.dll
0x00007ffcc7950000 - 0x00007ffcc79c5000 	C:\Windows\System32\dlnashext.dll
0x00007ffcdd610000 - 0x00007ffcdd656000 	C:\Windows\System32\PlayToDevice.dll
0x00007ffce2850000 - 0x00007ffce286c000 	C:\Windows\System32\DevDispItemProvider.dll
0x00007ffcd00e0000 - 0x00007ffcd00ec000 	C:\Windows\SYSTEM32\LINKINFO.dll
0x00007ffccbfd0000 - 0x00007ffccc20d000 	C:\PROGRA~1\MIF5BA~1\Office15\GROOVEEX.DLL
0x0000000051520000 - 0x00000000515b8000 	C:\Windows\SYSTEM32\MSVCP100.dll
0x00000000514f0000 - 0x000000005151b000 	C:\Windows\SYSTEM32\ATL100.DLL

VM Arguments:
jvm_args: -Dfile.encoding=Cp1252 
java_command: magiclab.main.GuiGame
java_class_path (initial): L:\Project\Lego\Lego Without Drag\trunk\Lego Rework\bin;L:\Project\Lego\Lego Without Drag\trunk\Lego Rework\core\library\core.jar;L:\Project\Lego\Lego Without Drag\trunk\Lego Rework\core\library\gluegen-rt-natives-windows-amd64.jar;L:\Project\Lego\Lego Without Drag\trunk\Lego Rework\core\library\gluegen-rt.jar;L:\Project\Lego\Lego Without Drag\trunk\Lego Rework\core\library\jogl-all-natives-windows-amd64.jar;L:\Project\Lego\Lego Without Drag\trunk\Lego Rework\core\library\jogl-all.jar;L:\Project\Lego\Lego Without Drag\trunk\Lego Rework\controlP5.jar;L:\Project\Lego\Lego Without Drag\trunk\Lego Rework\controlsfx-8.20.8.jar;L:\Project\Lego\Lego Without Drag\trunk\Lego Rework\OBJLoader.jar;L:\Project\Lego\Lego Without Drag\trunk\Lego Rework\proscene.jar;F:\Office and Education\eclipse-java-luna-SR1-win32-x86_64\eclipse\plugins\org.junit_4.11.0.v201303080030\junit.jar;F:\Office and Education\eclipse-java-luna-SR1-win32-x86_64\eclipse\plugins\org.hamcrest.core_1.3.0.v201303031735.jar
Launcher Type: SUN_STANDARD

Environment Variables:
PATH=C:/Program Files/Java/jre1.8.0_25/bin/server;C:/Program Files/Java/jre1.8.0_25/bin;C:/Program Files/Java/jre1.8.0_25/lib/amd64;C:\ProgramData\Oracle\Java\javapath;C:\Program Files (x86)\Intel\iCLS Client\;C:\Program Files\Intel\iCLS Client\;C:\Program Files (x86)\NVIDIA Corporation\PhysX\Common;C:\Windows\system32;C:\Windows;C:\Windows\System32\Wbem;C:\Windows\System32\WindowsPowerShell\v1.0\;C:\Program Files\Intel\Intel(R) Management Engine Components\DAL;C:\Program Files (x86)\Intel\Intel(R) Management Engine Components\DAL;C:\Program Files\Intel\Intel(R) Management Engine Components\IPT;C:\Program Files (x86)\Intel\Intel(R) Management Engine Components\IPT;C:\Program Files (x86)\Windows Kits\8.1\Windows Performance Toolkit\;C:\Program Files (x86)\Microsoft SDKs\TypeScript\1.1\;C:\Program Files (x86)\nodejs\;C:\Program Files\TortoiseSVN\bin;C:\Users\Bili\AppData\Roaming\npm;F:\Office and Education\eclipse-java-luna-SR1-win32-x86_64\eclipse;
USERNAME=Bili
OS=Windows_NT
PROCESSOR_IDENTIFIER=Intel64 Family 6 Model 60 Stepping 3, GenuineIntel



---------------  S Y S T E M  ---------------

OS: Windows 8.1 , 64 bit Build 9600 

CPU:total 8 (4 cores per cpu, 2 threads per core) family 6 model 60 stepping 3, cmov, cx8, fxsr, mmx, sse, sse2, sse3, ssse3, sse4.1, sse4.2, popcnt, avx, avx2, aes, clmul, erms, rtm, lzcnt, ht, tsc, tscinvbit, bmi1, bmi2

Memory: 4k page, physical 33412028k(21508348k free), swap 38392764k(20642080k free)

vm_info: Java HotSpot(TM) 64-Bit Server VM (25.25-b02) for windows-amd64 JRE (1.8.0_25-b18), built on Oct  7 2014 14:25:37 by "java_re" with MS VC++ 10.0 (VS2010)

time: Mon Jan 26 03:11:36 2015
elapsed time: 12 seconds (0d 0h 0m 12s)

