#
# A fatal error has been detected by the Java Runtime Environment:
#
#  EXCEPTION_ACCESS_VIOLATION (0xc0000005) at pc=0x0000000000000000, pid=16708, tid=11592
#
# JRE version: Java(TM) SE Runtime Environment (8.0_25-b18) (build 1.8.0_25-b18)
# Java VM: Java HotSpot(TM) 64-Bit Server VM (25.25-b02 mixed mode windows-amd64 compressed oops)
# Problematic frame:
# C  0x0000000000000000
#
# Failed to write core dump. Minidumps are not enabled by default on client versions of Windows
#
# If you would like to submit a bug report, please visit:
#   http://bugreport.sun.com/bugreport/crash.jsp
# The crash happened outside the Java Virtual Machine in native code.
# See problematic frame for where to report the bug.
#

---------------  T H R E A D  ---------------

Current thread (0x0000000027f24000):  JavaThread "JavaFX Application Thread" [_thread_in_native, id=11592, stack(0x000000002b4f0000,0x000000002b5f0000)]

siginfo: ExceptionCode=0xc0000005, ExceptionInformation=0x0000000000000008 0x0000000000000000

Registers:
RAX=0x000000002fdfb2f0, RBX=0x000000002f5b73b0, RCX=0x0000000000001701, RDX=0x000000002b5ebb80
RSP=0x000000002b5ebab8, RBP=0x000000002b5ebb48, RSI=0x000000000000004b, RDI=0x0000000000000000
R8 =0x0000000000001701, R9 =0x00007ffcd9331700, R10=0x0000000001f65b48, R11=0x0000000050792810
R12=0x0000000000000000, R13=0x000000002f5b73b0, R14=0x000000002b5ebb80, R15=0x0000000027f24000
RIP=0x0000000000000000, EFLAGS=0x0000000000010283

Top of Stack: (sp=0x000000002b5ebab8)
0x000000002b5ebab8:   0000000001f65b74 000000002b5ebb00
0x000000002b5ebac8:   0000000721432580 00000000026c4988
0x000000002b5ebad8:   0000000722fd2dd0 000000000000004c
0x000000002b5ebae8:   00000007214b72b8 0000000721432580
0x000000002b5ebaf8:   00000005c2231e70 00000005c2231e70
0x000000002b5ebb08:   000000002b5ebb08 0000000000000000
0x000000002b5ebb18:   000000002b5ebb80 000000002f6c5428
0x000000002b5ebb28:   0000000000000000 000000002f5b73b0
0x000000002b5ebb38:   0000000000000000 000000002b5ebb68
0x000000002b5ebb48:   000000002b5ebbc8 0000000001f57a2d
0x000000002b5ebb58:   0000000000000000 0000000001f5f6b8
0x000000002b5ebb68:   00007ffcd9331700 000000002bc7af58
0x000000002b5ebb78:   0000000000001701 00000005d06c79b8
0x000000002b5ebb88:   000000002b5ebb88 000000002f5b72fe
0x000000002b5ebb98:   000000002b5ebbf0 000000002f6c5428
0x000000002b5ebba8:   0000000000000000 000000002f5b7310 

Instructions: (pc=0x0000000000000000)
0xffffffffffffffe0:   


Register to memory mapping:

RAX=0x000000002fdfb2f0 is an unknown value
RBX={method} {0x000000002f5b73b8} 'dispatch_glMatrixMode1' '(IJ)V' in 'jogamp/opengl/gl4/GL4bcImpl'
RCX=0x0000000000001701 is an unknown value
RDX=0x000000002b5ebb80 is pointing into the stack for thread: 0x0000000027f24000
RSP=0x000000002b5ebab8 is pointing into the stack for thread: 0x0000000027f24000
RBP=0x000000002b5ebb48 is pointing into the stack for thread: 0x0000000027f24000
RSI=0x000000000000004b is an unknown value
RDI=0x0000000000000000 is an unknown value
R8 =0x0000000000001701 is an unknown value
R9 =0x00007ffcd9331700 is an unknown value
R10=0x0000000001f65b48 is at code_begin+840 in an Interpreter codelet
method entry point (kind = native)  [0x0000000001f65800, 0x0000000001f66160]  2400 bytes
R11=0x0000000050792810 is an unknown value
R12=0x0000000000000000 is an unknown value
R13={method} {0x000000002f5b73b8} 'dispatch_glMatrixMode1' '(IJ)V' in 'jogamp/opengl/gl4/GL4bcImpl'
R14=0x000000002b5ebb80 is pointing into the stack for thread: 0x0000000027f24000
R15=0x0000000027f24000 is a thread


Stack: [0x000000002b4f0000,0x000000002b5f0000],  sp=0x000000002b5ebab8,  free space=1006k
Native frames: (J=compiled Java code, j=interpreted, Vv=VM code, C=native code)

Java frames: (J=compiled Java code, j=interpreted, Vv=VM code)
j  jogamp.opengl.gl4.GL4bcImpl.dispatch_glMatrixMode1(IJ)V+0
j  jogamp.opengl.gl4.GL4bcImpl.glMatrixMode(I)V+46
j  processing.opengl.PJOGL.beginGL()V+29
j  processing.opengl.PGraphicsOpenGL.beginPGL()Lprocessing/opengl/PGL;+8
j  magic.lego.controller.GameManager.loadShapeForTesting()V+97
j  magic.lego.controller.GameManager.resetGame()V+198
j  magiclab.main.LegoGame.newGame()V+4
j  magiclab.main.GuiGame.newGame()V+73
j  magiclab.main.GuiGame$2.handle(Ljavafx/event/ActionEvent;)V+0
j  magiclab.main.GuiGame$2.handle(Ljavafx/event/Event;)V+5
j  com.sun.javafx.event.CompositeEventHandler.dispatchBubblingEvent(Ljavafx/event/Event;)V+51
J 3497 C1 com.sun.javafx.event.EventHandlerManager.dispatchBubblingEvent(Ljavafx/event/EventType;Ljavafx/event/Event;)Ljavafx/event/Event; (34 bytes) @ 0x0000000002abadb4 [0x0000000002aba840+0x574]
j  com.sun.javafx.event.EventHandlerManager.dispatchBubblingEvent(Ljavafx/event/Event;)Ljavafx/event/Event;+8
j  com.sun.javafx.event.CompositeEventDispatcher.dispatchBubblingEvent(Ljavafx/event/Event;)Ljavafx/event/Event;+11
J 3680 C1 com.sun.javafx.event.BasicEventDispatcher.dispatchEvent(Ljavafx/event/Event;Ljavafx/event/EventDispatchChain;)Ljavafx/event/Event; (44 bytes) @ 0x0000000002b2ff7c [0x0000000002b2fc40+0x33c]
J 3541 C1 com.sun.javafx.event.EventDispatchChainImpl.dispatchEvent(Ljavafx/event/Event;)Ljavafx/event/Event; (101 bytes) @ 0x0000000002ad297c [0x0000000002ad27c0+0x1bc]
J 3680 C1 com.sun.javafx.event.BasicEventDispatcher.dispatchEvent(Ljavafx/event/Event;Ljavafx/event/EventDispatchChain;)Ljavafx/event/Event; (44 bytes) @ 0x0000000002b2fe94 [0x0000000002b2fc40+0x254]
J 3541 C1 com.sun.javafx.event.EventDispatchChainImpl.dispatchEvent(Ljavafx/event/Event;)Ljavafx/event/Event; (101 bytes) @ 0x0000000002ad297c [0x0000000002ad27c0+0x1bc]
J 3680 C1 com.sun.javafx.event.BasicEventDispatcher.dispatchEvent(Ljavafx/event/Event;Ljavafx/event/EventDispatchChain;)Ljavafx/event/Event; (44 bytes) @ 0x0000000002b2fe94 [0x0000000002b2fc40+0x254]
J 3541 C1 com.sun.javafx.event.EventDispatchChainImpl.dispatchEvent(Ljavafx/event/Event;)Ljavafx/event/Event; (101 bytes) @ 0x0000000002ad297c [0x0000000002ad27c0+0x1bc]
J 3680 C1 com.sun.javafx.event.BasicEventDispatcher.dispatchEvent(Ljavafx/event/Event;Ljavafx/event/EventDispatchChain;)Ljavafx/event/Event; (44 bytes) @ 0x0000000002b2fe94 [0x0000000002b2fc40+0x254]
J 3541 C1 com.sun.javafx.event.EventDispatchChainImpl.dispatchEvent(Ljavafx/event/Event;)Ljavafx/event/Event; (101 bytes) @ 0x0000000002ad297c [0x0000000002ad27c0+0x1bc]
j  com.sun.javafx.event.EventUtil.fireEventImpl(Ljavafx/event/EventDispatchChain;Ljavafx/event/EventTarget;Ljavafx/event/Event;)Ljavafx/event/Event;+10
j  com.sun.javafx.event.EventUtil.fireEvent(Ljavafx/event/EventTarget;Ljavafx/event/Event;)Ljavafx/event/Event;+37
j  javafx.event.Event.fireEvent(Ljavafx/event/EventTarget;Ljavafx/event/Event;)V+30
j  javafx.scene.Node.fireEvent(Ljavafx/event/Event;)V+86
j  javafx.scene.control.Button.fire()V+15
j  com.sun.javafx.scene.control.behavior.ButtonBehavior.mouseReleased(Ljavafx/scene/input/MouseEvent;)V+23
j  com.sun.javafx.scene.control.skin.BehaviorSkinBase$1.handle(Ljavafx/scene/input/MouseEvent;)V+83
j  com.sun.javafx.scene.control.skin.BehaviorSkinBase$1.handle(Ljavafx/event/Event;)V+5
j  com.sun.javafx.event.CompositeEventHandler$NormalEventHandlerRecord.handleBubblingEvent(Ljavafx/event/Event;)V+5
j  com.sun.javafx.event.CompositeEventHandler.dispatchBubblingEvent(Ljavafx/event/Event;)V+28
J 3497 C1 com.sun.javafx.event.EventHandlerManager.dispatchBubblingEvent(Ljavafx/event/EventType;Ljavafx/event/Event;)Ljavafx/event/Event; (34 bytes) @ 0x0000000002abadb4 [0x0000000002aba840+0x574]
j  com.sun.javafx.event.EventHandlerManager.dispatchBubblingEvent(Ljavafx/event/Event;)Ljavafx/event/Event;+8
j  com.sun.javafx.event.CompositeEventDispatcher.dispatchBubblingEvent(Ljavafx/event/Event;)Ljavafx/event/Event;+11
J 3680 C1 com.sun.javafx.event.BasicEventDispatcher.dispatchEvent(Ljavafx/event/Event;Ljavafx/event/EventDispatchChain;)Ljavafx/event/Event; (44 bytes) @ 0x0000000002b2ff7c [0x0000000002b2fc40+0x33c]
J 3541 C1 com.sun.javafx.event.EventDispatchChainImpl.dispatchEvent(Ljavafx/event/Event;)Ljavafx/event/Event; (101 bytes) @ 0x0000000002ad297c [0x0000000002ad27c0+0x1bc]
J 3680 C1 com.sun.javafx.event.BasicEventDispatcher.dispatchEvent(Ljavafx/event/Event;Ljavafx/event/EventDispatchChain;)Ljavafx/event/Event; (44 bytes) @ 0x0000000002b2fe94 [0x0000000002b2fc40+0x254]
J 3541 C1 com.sun.javafx.event.EventDispatchChainImpl.dispatchEvent(Ljavafx/event/Event;)Ljavafx/event/Event; (101 bytes) @ 0x0000000002ad297c [0x0000000002ad27c0+0x1bc]
J 3680 C1 com.sun.javafx.event.BasicEventDispatcher.dispatchEvent(Ljavafx/event/Event;Ljavafx/event/EventDispatchChain;)Ljavafx/event/Event; (44 bytes) @ 0x0000000002b2fe94 [0x0000000002b2fc40+0x254]
J 3541 C1 com.sun.javafx.event.EventDispatchChainImpl.dispatchEvent(Ljavafx/event/Event;)Ljavafx/event/Event; (101 bytes) @ 0x0000000002ad297c [0x0000000002ad27c0+0x1bc]
J 3680 C1 com.sun.javafx.event.BasicEventDispatcher.dispatchEvent(Ljavafx/event/Event;Ljavafx/event/EventDispatchChain;)Ljavafx/event/Event; (44 bytes) @ 0x0000000002b2fe94 [0x0000000002b2fc40+0x254]
J 3541 C1 com.sun.javafx.event.EventDispatchChainImpl.dispatchEvent(Ljavafx/event/Event;)Ljavafx/event/Event; (101 bytes) @ 0x0000000002ad297c [0x0000000002ad27c0+0x1bc]
j  com.sun.javafx.event.EventUtil.fireEventImpl(Ljavafx/event/EventDispatchChain;Ljavafx/event/EventTarget;Ljavafx/event/Event;)Ljavafx/event/Event;+10
j  com.sun.javafx.event.EventUtil.fireEvent(Ljavafx/event/EventTarget;Ljavafx/event/Event;)Ljavafx/event/Event;+46
j  javafx.event.Event.fireEvent(Ljavafx/event/EventTarget;Ljavafx/event/Event;)V+30
j  javafx.scene.Scene$MouseHandler.process(Ljavafx/scene/input/MouseEvent;Z)V+491
j  javafx.scene.Scene$MouseHandler.access$1500(Ljavafx/scene/Scene$MouseHandler;Ljavafx/scene/input/MouseEvent;Z)V+3
j  javafx.scene.Scene.impl_processMouseEvent(Ljavafx/scene/input/MouseEvent;)V+6
j  javafx.scene.Scene$ScenePeerListener.mouseEvent(Ljavafx/event/EventType;DDDDLjavafx/scene/input/MouseButton;ZZZZZZZZZ)V+46
j  com.sun.javafx.tk.quantum.EmbeddedScene.lambda$null$281(IIIIIIZZZZIZZZZ)Ljava/lang/Void;+132
j  com.sun.javafx.tk.quantum.EmbeddedScene$$Lambda$274.run()Ljava/lang/Object;+64
v  ~StubRoutines::call_stub
J 1384  java.security.AccessController.doPrivileged(Ljava/security/PrivilegedAction;Ljava/security/AccessControlContext;)Ljava/lang/Object; (0 bytes) @ 0x0000000002430ca6 [0x0000000002430c40+0x66]
j  com.sun.javafx.tk.quantum.EmbeddedScene.lambda$mouseEvent$282(IIIIIIZZZZIZZZZ)V+37
j  com.sun.javafx.tk.quantum.EmbeddedScene$$Lambda$273.run()V+64
j  com.sun.javafx.application.PlatformImpl.lambda$null$164(Ljava/lang/Runnable;)Ljava/lang/Void;+1
j  com.sun.javafx.application.PlatformImpl$$Lambda$58.run()Ljava/lang/Object;+4
v  ~StubRoutines::call_stub
J 1384  java.security.AccessController.doPrivileged(Ljava/security/PrivilegedAction;Ljava/security/AccessControlContext;)Ljava/lang/Object; (0 bytes) @ 0x0000000002430ca6 [0x0000000002430c40+0x66]
j  com.sun.javafx.application.PlatformImpl.lambda$runLater$165(Ljava/lang/Runnable;Ljava/security/AccessControlContext;)V+7
j  com.sun.javafx.application.PlatformImpl$$Lambda$57.run()V+8
j  com.sun.glass.ui.InvokeLaterDispatcher$Future.run()V+4
v  ~StubRoutines::call_stub
j  com.sun.glass.ui.win.WinApplication._runLoop(Ljava/lang/Runnable;)V+0
j  com.sun.glass.ui.win.WinApplication.lambda$null$141(Ljava/lang/Runnable;)V+7
j  com.sun.glass.ui.win.WinApplication$$Lambda$49.run()V+8
j  java.lang.Thread.run()V+11
v  ~StubRoutines::call_stub

---------------  P R O C E S S  ---------------

Java Threads: ( => current thread )
  0x000000002842e800 JavaThread "DestroyJavaVM" [_thread_blocked, id=12884, stack(0x0000000001d50000,0x0000000001e50000)]
  0x0000000028430000 JavaThread "Animation Thread-SharedResourceRunner" daemon [_thread_blocked, id=8552, stack(0x000000002fe70000,0x000000002ff70000)]
  0x000000002842c800 JavaThread "Image Fetcher 1" daemon [_thread_blocked, id=13176, stack(0x000000002e9d0000,0x000000002ead0000)]
  0x000000002842e000 JavaThread "Image Fetcher 0" daemon [_thread_blocked, id=15488, stack(0x000000002e8d0000,0x000000002e9d0000)]
  0x000000002842f800 JavaThread "D3D Screen Updater" daemon [_thread_blocked, id=13208, stack(0x000000002e580000,0x000000002e680000)]
  0x0000000028064000 JavaThread "Prism Font Disposer" daemon [_thread_blocked, id=12164, stack(0x000000002d1b0000,0x000000002d2b0000)]
  0x0000000028059000 JavaThread "AWT-EventQueue-0" [_thread_in_native, id=2036, stack(0x000000002bb00000,0x000000002bc00000)]
  0x0000000027f8f800 JavaThread "Animation Thread" [_thread_blocked, id=820, stack(0x000000002ba00000,0x000000002bb00000)]
  0x0000000027f64000 JavaThread "Thread-3" daemon [_thread_in_native, id=10672, stack(0x000000002b700000,0x000000002b800000)]
=>0x0000000027f24000 JavaThread "JavaFX Application Thread" [_thread_in_native, id=11592, stack(0x000000002b4f0000,0x000000002b5f0000)]
  0x0000000027f23800 JavaThread "Thread-2" daemon [_thread_blocked, id=18056, stack(0x000000002b3f0000,0x000000002b4f0000)]
  0x0000000027ef6000 JavaThread "QuantumRenderer-0" daemon [_thread_blocked, id=15192, stack(0x0000000029cf0000,0x0000000029df0000)]
  0x0000000027e5c800 JavaThread "AWT-Windows" daemon [_thread_in_native, id=16772, stack(0x0000000028800000,0x0000000028900000)]
  0x0000000027e5b800 JavaThread "AWT-Shutdown" [_thread_blocked, id=4640, stack(0x0000000028700000,0x0000000028800000)]
  0x0000000027e59000 JavaThread "Java2D Disposer" daemon [_thread_blocked, id=10100, stack(0x0000000028600000,0x0000000028700000)]
  0x0000000026fcd000 JavaThread "Service Thread" daemon [_thread_blocked, id=12860, stack(0x0000000027900000,0x0000000027a00000)]
  0x0000000026f3c000 JavaThread "C1 CompilerThread3" daemon [_thread_blocked, id=7044, stack(0x0000000027800000,0x0000000027900000)]
  0x0000000026f30000 JavaThread "C2 CompilerThread2" daemon [_thread_blocked, id=2884, stack(0x0000000027700000,0x0000000027800000)]
  0x0000000026f29800 JavaThread "C2 CompilerThread1" daemon [_thread_blocked, id=14192, stack(0x0000000027600000,0x0000000027700000)]
  0x0000000026f27800 JavaThread "C2 CompilerThread0" daemon [_thread_blocked, id=17112, stack(0x0000000027500000,0x0000000027600000)]
  0x0000000026f25800 JavaThread "Attach Listener" daemon [_thread_blocked, id=8316, stack(0x0000000027400000,0x0000000027500000)]
  0x0000000024f1e000 JavaThread "Signal Dispatcher" daemon [_thread_blocked, id=12028, stack(0x0000000027300000,0x0000000027400000)]
  0x0000000001f46000 JavaThread "Finalizer" daemon [_thread_blocked, id=11928, stack(0x0000000026e00000,0x0000000026f00000)]
  0x0000000001f3f000 JavaThread "Reference Handler" daemon [_thread_blocked, id=1204, stack(0x0000000026d00000,0x0000000026e00000)]

Other Threads:
  0x0000000024f08800 VMThread [stack: 0x0000000026c00000,0x0000000026d00000] [id=4704]
  0x0000000026fcf000 WatcherThread [stack: 0x0000000027a00000,0x0000000027b00000] [id=12564]

VM state:not at safepoint (normal execution)

VM Mutex/Monitor currently owned by a thread: None

Heap:
 PSYoungGen      total 250368K, used 225916K [0x0000000716100000, 0x0000000741c00000, 0x00000007c0000000)
  eden space 228864K, 92% used [0x0000000716100000,0x00000007230cb080,0x0000000724080000)
  from space 21504K, 61% used [0x0000000724080000,0x0000000724d541b8,0x0000000725580000)
  to   space 144896K, 0% used [0x0000000738e80000,0x0000000738e80000,0x0000000741c00000)
 ParOldGen       total 681984K, used 241703K [0x00000005c2200000, 0x00000005ebc00000, 0x0000000716100000)
  object space 681984K, 35% used [0x00000005c2200000,0x00000005d0e09ce0,0x00000005ebc00000)
 Metaspace       used 31052K, capacity 31999K, committed 32128K, reserved 1077248K
  class space    used 3973K, capacity 4181K, committed 4224K, reserved 1048576K

Card table byte_map: [0x0000000011310000,0x0000000012300000] byte_map_base: 0x000000000e4ff000

Marking Bits: (ParMarkBitMap*) 0x0000000050d5d490
 Begin Bits: [0x00000000135a0000, 0x000000001b518000)
 End Bits:   [0x000000001b518000, 0x0000000023490000)

Polling page: 0x0000000001cd0000

CodeCache: size=245760Kb used=12393Kb max_used=12408Kb free=233366Kb
 bounds [0x0000000001f50000, 0x0000000002b80000, 0x0000000010f50000]
 total_blobs=4933 nmethods=3778 adapters=1068
 compilation: enabled

Compilation events (10 events):
Event: 4.554 Thread 0x0000000026f3c000 nmethod 3774 0x0000000002b6c450 code [0x0000000002b6c5a0, 0x0000000002b6c6b0]
Event: 4.554 Thread 0x0000000026f3c000 3775       1       com.sun.javafx.geom.transform.Affine3D::getMzy (5 bytes)
Event: 4.554 Thread 0x0000000026f3c000 nmethod 3775 0x0000000002b6c710 code [0x0000000002b6c860, 0x0000000002b6c970]
Event: 4.554 Thread 0x0000000026f3c000 3776       1       com.sun.javafx.geom.transform.Affine3D::getMzz (5 bytes)
Event: 4.554 Thread 0x0000000026f3c000 nmethod 3776 0x0000000002b6c9d0 code [0x0000000002b6cb20, 0x0000000002b6cc30]
Event: 4.554 Thread 0x0000000026f3c000 3772       3       com.sun.javafx.text.TextRun::getAdvance (43 bytes)
Event: 4.554 Thread 0x0000000026f3c000 nmethod 3772 0x0000000002b6cc90 code [0x0000000002b6ce00, 0x0000000002b6d030]
Event: 4.561 Thread 0x0000000026f3c000 3777       1       java.awt.event.MouseEvent::isPopupTrigger (5 bytes)
Event: 4.561 Thread 0x0000000026f3c000 nmethod 3777 0x0000000002b6d190 code [0x0000000002b6d2e0, 0x0000000002b6d3f0]
Event: 4.562 Thread 0x0000000026f27800 3778       4       java.util.AbstractCollection::toArray (147 bytes)

GC Heap History (10 events):
Event: 1.805 GC heap before
{Heap before GC invocations=3 (full 1):
 PSYoungGen      total 152576K, used 131072K [0x0000000716100000, 0x0000000720b00000, 0x00000007c0000000)
  eden space 131072K, 100% used [0x0000000716100000,0x000000071e100000,0x000000071e100000)
  from space 21504K, 0% used [0x000000071e100000,0x000000071e100000,0x000000071f600000)
  to   space 21504K, 0% used [0x000000071f600000,0x000000071f600000,0x0000000720b00000)
 ParOldGen       total 242176K, used 7172K [0x00000005c2200000, 0x00000005d0e80000, 0x0000000716100000)
  object space 242176K, 2% used [0x00000005c2200000,0x00000005c29011c0,0x00000005d0e80000)
 Metaspace       used 27696K, capacity 28723K, committed 28928K, reserved 1075200K
  class space    used 3593K, capacity 3799K, committed 3840K, reserved 1048576K
Event: 1.823 GC heap after
Heap after GC invocations=3 (full 1):
 PSYoungGen      total 152576K, used 21482K [0x0000000716100000, 0x0000000723280000, 0x00000007c0000000)
  eden space 131072K, 0% used [0x0000000716100000,0x0000000716100000,0x000000071e100000)
  from space 21504K, 99% used [0x000000071f600000,0x0000000720afa828,0x0000000720b00000)
  to   space 21504K, 0% used [0x000000071e100000,0x000000071e100000,0x000000071f600000)
 ParOldGen       total 242176K, used 31430K [0x00000005c2200000, 0x00000005d0e80000, 0x0000000716100000)
  object space 242176K, 12% used [0x00000005c2200000,0x00000005c40b1928,0x00000005d0e80000)
 Metaspace       used 27696K, capacity 28723K, committed 28928K, reserved 1075200K
  class space    used 3593K, capacity 3799K, committed 3840K, reserved 1048576K
}
Event: 1.924 GC heap before
{Heap before GC invocations=4 (full 1):
 PSYoungGen      total 152576K, used 152554K [0x0000000716100000, 0x0000000723280000, 0x00000007c0000000)
  eden space 131072K, 100% used [0x0000000716100000,0x000000071e100000,0x000000071e100000)
  from space 21504K, 99% used [0x000000071f600000,0x0000000720afa828,0x0000000720b00000)
  to   space 21504K, 0% used [0x000000071e100000,0x000000071e100000,0x000000071f600000)
 ParOldGen       total 242176K, used 31430K [0x00000005c2200000, 0x00000005d0e80000, 0x0000000716100000)
  object space 242176K, 12% used [0x00000005c2200000,0x00000005c40b1928,0x00000005d0e80000)
 Metaspace       used 27715K, capacity 28723K, committed 28928K, reserved 1075200K
  class space    used 3593K, capacity 3799K, committed 3840K, reserved 1048576K
Event: 1.952 GC heap after
Heap after GC invocations=4 (full 1):
 PSYoungGen      total 152576K, used 21491K [0x0000000716100000, 0x0000000726a80000, 0x00000007c0000000)
  eden space 131072K, 0% used [0x0000000716100000,0x0000000716100000,0x000000071e100000)
  from space 21504K, 99% used [0x000000071e100000,0x000000071f5fcc18,0x000000071f600000)
  to   space 21504K, 0% used [0x0000000725580000,0x0000000725580000,0x0000000726a80000)
 ParOldGen       total 242176K, used 87900K [0x00000005c2200000, 0x00000005d0e80000, 0x0000000716100000)
  object space 242176K, 36% used [0x00000005c2200000,0x00000005c77d7108,0x00000005d0e80000)
 Metaspace       used 27715K, capacity 28723K, committed 28928K, reserved 1075200K
  class space    used 3593K, capacity 3799K, committed 3840K, reserved 1048576K
}
Event: 2.022 GC heap before
{Heap before GC invocations=5 (full 1):
 PSYoungGen      total 152576K, used 152563K [0x0000000716100000, 0x0000000726a80000, 0x00000007c0000000)
  eden space 131072K, 100% used [0x0000000716100000,0x000000071e100000,0x000000071e100000)
  from space 21504K, 99% used [0x000000071e100000,0x000000071f5fcc18,0x000000071f600000)
  to   space 21504K, 0% used [0x0000000725580000,0x0000000725580000,0x0000000726a80000)
 ParOldGen       total 242176K, used 87900K [0x00000005c2200000, 0x00000005d0e80000, 0x0000000716100000)
  object space 242176K, 36% used [0x00000005c2200000,0x00000005c77d7108,0x00000005d0e80000)
 Metaspace       used 27719K, capacity 28723K, committed 28928K, reserved 1075200K
  class space    used 3593K, capacity 3799K, committed 3840K, reserved 1048576K
Event: 2.054 GC heap after
Heap after GC invocations=5 (full 1):
 PSYoungGen      total 250368K, used 21483K [0x0000000716100000, 0x0000000727600000, 0x00000007c0000000)
  eden space 228864K, 0% used [0x0000000716100000,0x0000000716100000,0x0000000724080000)
  from space 21504K, 99% used [0x0000000725580000,0x0000000726a7ae10,0x0000000726a80000)
  to   space 21504K, 0% used [0x0000000724080000,0x0000000724080000,0x0000000725580000)
 ParOldGen       total 242176K, used 146326K [0x00000005c2200000, 0x00000005d0e80000, 0x0000000716100000)
  object space 242176K, 60% used [0x00000005c2200000,0x00000005cb0e5928,0x00000005d0e80000)
 Metaspace       used 27719K, capacity 28723K, committed 28928K, reserved 1075200K
  class space    used 3593K, capacity 3799K, committed 3840K, reserved 1048576K
}
Event: 2.190 GC heap before
{Heap before GC invocations=6 (full 1):
 PSYoungGen      total 250368K, used 250347K [0x0000000716100000, 0x0000000727600000, 0x00000007c0000000)
  eden space 228864K, 100% used [0x0000000716100000,0x0000000724080000,0x0000000724080000)
  from space 21504K, 99% used [0x0000000725580000,0x0000000726a7ae10,0x0000000726a80000)
  to   space 21504K, 0% used [0x0000000724080000,0x0000000724080000,0x0000000725580000)
 ParOldGen       total 242176K, used 146326K [0x00000005c2200000, 0x00000005d0e80000, 0x0000000716100000)
  object space 242176K, 60% used [0x00000005c2200000,0x00000005cb0e5928,0x00000005d0e80000)
 Metaspace       used 27743K, capacity 28723K, committed 28928K, reserved 1075200K
  class space    used 3595K, capacity 3799K, committed 3840K, reserved 1048576K
Event: 2.237 GC heap after
Heap after GC invocations=6 (full 1):
 PSYoungGen      total 250368K, used 21473K [0x0000000716100000, 0x0000000741c00000, 0x00000007c0000000)
  eden space 228864K, 0% used [0x0000000716100000,0x0000000716100000,0x0000000724080000)
  from space 21504K, 99% used [0x0000000724080000,0x00000007255786f8,0x0000000725580000)
  to   space 144896K, 0% used [0x0000000738e80000,0x0000000738e80000,0x0000000741c00000)
 ParOldGen       total 242176K, used 241969K [0x00000005c2200000, 0x00000005d0e80000, 0x0000000716100000)
  object space 242176K, 99% used [0x00000005c2200000,0x00000005d0e4c560,0x00000005d0e80000)
 Metaspace       used 27743K, capacity 28723K, committed 28928K, reserved 1075200K
  class space    used 3595K, capacity 3799K, committed 3840K, reserved 1048576K
}
Event: 2.237 GC heap before
{Heap before GC invocations=7 (full 2):
 PSYoungGen      total 250368K, used 21473K [0x0000000716100000, 0x0000000741c00000, 0x00000007c0000000)
  eden space 228864K, 0% used [0x0000000716100000,0x0000000716100000,0x0000000724080000)
  from space 21504K, 99% used [0x0000000724080000,0x00000007255786f8,0x0000000725580000)
  to   space 144896K, 0% used [0x0000000738e80000,0x0000000738e80000,0x0000000741c00000)
 ParOldGen       total 242176K, used 241969K [0x00000005c2200000, 0x00000005d0e80000, 0x0000000716100000)
  object space 242176K, 99% used [0x00000005c2200000,0x00000005d0e4c560,0x00000005d0e80000)
 Metaspace       used 27743K, capacity 28723K, committed 28928K, reserved 1075200K
  class space    used 3595K, capacity 3799K, committed 3840K, reserved 1048576K
Event: 2.546 GC heap after
Heap after GC invocations=7 (full 2):
 PSYoungGen      total 250368K, used 13136K [0x0000000716100000, 0x0000000741c00000, 0x00000007c0000000)
  eden space 228864K, 0% used [0x0000000716100000,0x0000000716100000,0x0000000724080000)
  from space 21504K, 61% used [0x0000000724080000,0x0000000724d541b8,0x0000000725580000)
  to   space 144896K, 0% used [0x0000000738e80000,0x0000000738e80000,0x0000000741c00000)
 ParOldGen       total 681984K, used 241703K [0x00000005c2200000, 0x00000005ebc00000, 0x0000000716100000)
  object space 681984K, 35% used [0x00000005c2200000,0x00000005d0e09ce0,0x00000005ebc00000)
 Metaspace       used 27743K, capacity 28723K, committed 28928K, reserved 1075200K
  class space    used 3595K, capacity 3799K, committed 3840K, reserved 1048576K
}

Deoptimization events (10 events):
Event: 3.562 Thread 0x0000000028059000 Uncommon trap: reason=class_check action=maybe_recompile pc=0x000000000282ec14 method=com.jogamp.common.nio.Buffers.getDirectBufferByteOffset(Ljava/lang/Object;)I @ 42
Event: 3.585 Thread 0x0000000028059000 Uncommon trap: reason=unreached action=reinterpret pc=0x0000000002978310 method=processing.opengl.PShapeOpenGL.renderPolys(Lprocessing/opengl/PGraphicsOpenGL;Lprocessing/core/PImage;)V @ 48
Event: 3.750 Thread 0x0000000027f24000 Uncommon trap: reason=class_check action=maybe_recompile pc=0x0000000002a0f1ec method=java.util.regex.Pattern$Start.<init>(Ljava/util/regex/Pattern$Node;)V @ 22
Event: 3.750 Thread 0x0000000027f24000 Uncommon trap: reason=class_check action=maybe_recompile pc=0x00000000026849f4 method=java.util.regex.Pattern$Node.study(Ljava/util/regex/Pattern$TreeInfo;)Z @ 12
Event: 3.750 Thread 0x0000000027f24000 Uncommon trap: reason=class_check action=maybe_recompile pc=0x00000000026849f4 method=java.util.regex.Pattern$Node.study(Ljava/util/regex/Pattern$TreeInfo;)Z @ 12
Event: 3.750 Thread 0x0000000027f24000 Uncommon trap: reason=class_check action=maybe_recompile pc=0x000000000287a934 method=java.util.regex.Pattern$Start.match(Ljava/util/regex/Matcher;ILjava/lang/CharSequence;)Z @ 44
Event: 3.785 Thread 0x0000000027f24000 Uncommon trap: reason=class_check action=maybe_recompile pc=0x0000000002695050 method=java.util.AbstractCollection.toArray([Ljava/lang/Object;)[Ljava/lang/Object; @ 1
Event: 3.865 Thread 0x0000000027f24000 Uncommon trap: reason=class_check action=maybe_recompile pc=0x0000000002695050 method=java.util.AbstractCollection.toArray([Ljava/lang/Object;)[Ljava/lang/Object; @ 1
Event: 3.865 Thread 0x0000000027f24000 Uncommon trap: reason=class_check action=maybe_recompile pc=0x0000000002695050 method=java.util.AbstractCollection.toArray([Ljava/lang/Object;)[Ljava/lang/Object; @ 1
Event: 3.897 Thread 0x0000000027f24000 Uncommon trap: reason=class_check action=maybe_recompile pc=0x0000000002695050 method=java.util.AbstractCollection.toArray([Ljava/lang/Object;)[Ljava/lang/Object; @ 1

Internal exceptions (10 events):
Event: 2.795 Thread 0x0000000027f8f800 Exception <a 'java/security/PrivilegedActionException'> (0x00000007207b0be0) thrown at [D:\re\workspace\8-2-build-windows-amd64-cygwin\jdk8u25\1677\hotspot\src\share\vm\prims\jvm.cpp, line 1312]
Event: 2.851 Thread 0x0000000028059000 Exception <a 'java/security/PrivilegedActionException'> (0x000000071fdb2368) thrown at [D:\re\workspace\8-2-build-windows-amd64-cygwin\jdk8u25\1677\hotspot\src\share\vm\prims\jvm.cpp, line 1312]
Event: 2.851 Thread 0x0000000028059000 Exception <a 'java/security/PrivilegedActionException'> (0x000000071fdb6010) thrown at [D:\re\workspace\8-2-build-windows-amd64-cygwin\jdk8u25\1677\hotspot\src\share\vm\prims\jvm.cpp, line 1312]
Event: 2.897 Thread 0x0000000028059000 Exception <a 'java/security/PrivilegedActionException'> (0x000000071fedb228) thrown at [D:\re\workspace\8-2-build-windows-amd64-cygwin\jdk8u25\1677\hotspot\src\share\vm\prims\jvm.cpp, line 1312]
Event: 3.566 Thread 0x0000000028059000 Exception <a 'java/security/PrivilegedActionException'> (0x0000000721afb9b8) thrown at [D:\re\workspace\8-2-build-windows-amd64-cygwin\jdk8u25\1677\hotspot\src\share\vm\prims\jvm.cpp, line 1312]
Event: 3.566 Thread 0x0000000028059000 Exception <a 'java/security/PrivilegedActionException'> (0x0000000721afdb98) thrown at [D:\re\workspace\8-2-build-windows-amd64-cygwin\jdk8u25\1677\hotspot\src\share\vm\prims\jvm.cpp, line 1312]
Event: 3.585 Thread 0x0000000028059000 Implicit null exception at 0x0000000002971a2d to 0x00000000029782f1
Event: 4.562 Thread 0x0000000027f24000 Exception <a 'java/lang/ClassNotFoundException': sun/net/www/protocol/l/Handler> (0x0000000721439fa8) thrown at [D:\re\workspace\8-2-build-windows-amd64-cygwin\jdk8u25\1677\hotspot\src\share\vm\classfile\systemDictionary.cpp, line 202]
Event: 4.562 Thread 0x0000000027f24000 Exception <a 'java/security/PrivilegedActionException'> (0x000000072143ac48) thrown at [D:\re\workspace\8-2-build-windows-amd64-cygwin\jdk8u25\1677\hotspot\src\share\vm\prims\jvm.cpp, line 1312]
Event: 4.562 Thread 0x0000000027f24000 Exception <a 'java/security/PrivilegedActionException'> (0x000000072143cce8) thrown at [D:\re\workspace\8-2-build-windows-amd64-cygwin\jdk8u25\1677\hotspot\src\share\vm\prims\jvm.cpp, line 1312]

Events (10 events):
Event: 4.495 loading class javafx/embed/swing/InputMethodSupport$InputMethodRequestsAdapter
Event: 4.495 loading class javafx/embed/swing/InputMethodSupport$InputMethodRequestsAdapter done
Event: 4.497 loading class com/sun/javafx/tk/quantum/EmbeddedStage
Event: 4.497 loading class com/sun/javafx/tk/quantum/EmbeddedStage done
Event: 4.497 loading class com/sun/javafx/tk/FocusCause
Event: 4.497 loading class com/sun/javafx/tk/FocusCause done
Event: 4.562 loading class sun/net/www/protocol/l/Handler
Event: 4.562 loading class sun/net/www/protocol/l/Handler done
Event: 4.562 loading class sun/net/www/protocol/l/Handler
Event: 4.562 loading class sun/net/www/protocol/l/Handler done


Dynamic libraries:
0x00007ff7fbe00000 - 0x00007ff7fbe34000 	C:\Program Files\Java\jre1.8.0_25\bin\javaw.exe
0x00007ffceae10000 - 0x00007ffceafb6000 	C:\Windows\SYSTEM32\ntdll.dll
0x00007ffcea550000 - 0x00007ffcea68a000 	C:\Windows\system32\KERNEL32.DLL
0x00007ffce8480000 - 0x00007ffce858f000 	C:\Windows\system32\KERNELBASE.dll
0x00007ffce6d90000 - 0x00007ffce6e18000 	C:\Windows\system32\apphelp.dll
0x00007ffce3820000 - 0x00007ffce386f000 	C:\Windows\AppPatch\AppPatch64\AcGenral.DLL
0x00007ffce8690000 - 0x00007ffce8737000 	C:\Windows\system32\msvcrt.dll
0x00007ffce8030000 - 0x00007ffce805b000 	C:\Windows\SYSTEM32\SspiCli.dll
0x00007ffceac30000 - 0x00007ffceac81000 	C:\Windows\system32\SHLWAPI.dll
0x00007ffceac90000 - 0x00007ffceae01000 	C:\Windows\system32\USER32.dll
0x00007ffce9fb0000 - 0x00007ffcea128000 	C:\Windows\system32\ole32.dll
0x00007ffce8ba0000 - 0x00007ffce9faf000 	C:\Windows\system32\SHELL32.dll
0x00007ffce77f0000 - 0x00007ffce780e000 	C:\Windows\SYSTEM32\USERENV.dll
0x00007ffceab20000 - 0x00007ffceabc5000 	C:\Windows\system32\ADVAPI32.dll
0x00007ffcde560000 - 0x00007ffcde57b000 	C:\Windows\SYSTEM32\MPR.dll
0x00007ffce8a60000 - 0x00007ffce8b97000 	C:\Windows\system32\RPCRT4.dll
0x00007ffcea870000 - 0x00007ffcea8c7000 	C:\Windows\SYSTEM32\sechost.dll
0x00007ffce8820000 - 0x00007ffce89f6000 	C:\Windows\SYSTEM32\combase.dll
0x00007ffcea3a0000 - 0x00007ffcea4e4000 	C:\Windows\system32\GDI32.dll
0x00007ffce8180000 - 0x00007ffce8194000 	C:\Windows\SYSTEM32\profapi.dll
0x00007ffce6780000 - 0x00007ffce681f000 	C:\Windows\SYSTEM32\SHCORE.dll
0x00007ffcea4f0000 - 0x00007ffcea524000 	C:\Windows\system32\IMM32.DLL
0x00007ffcea930000 - 0x00007ffceaa69000 	C:\Windows\system32\MSCTF.dll
0x00007ffce5f80000 - 0x00007ffce61da000 	C:\Windows\WinSxS\amd64_microsoft.windows.common-controls_6595b64144ccf1df_6.0.9600.17031_none_6242a4b3ecbb55a1\COMCTL32.dll
0x0000000050380000 - 0x0000000050452000 	C:\Program Files\Java\jre1.8.0_25\bin\msvcr100.dll
0x0000000050580000 - 0x0000000050dda000 	C:\Program Files\Java\jre1.8.0_25\bin\server\jvm.dll
0x00007ffcdf700000 - 0x00007ffcdf709000 	C:\Windows\SYSTEM32\WSOCK32.dll
0x00007ffce4540000 - 0x00007ffce455f000 	C:\Windows\SYSTEM32\WINMM.dll
0x00007ffcea130000 - 0x00007ffcea137000 	C:\Windows\system32\PSAPI.DLL
0x00007ffceabd0000 - 0x00007ffceac28000 	C:\Windows\system32\WS2_32.dll
0x00007ffce44d0000 - 0x00007ffce44fa000 	C:\Windows\SYSTEM32\WINMMBASE.dll
0x00007ffcea540000 - 0x00007ffcea549000 	C:\Windows\system32\NSI.dll
0x00007ffce8250000 - 0x00007ffce829a000 	C:\Windows\SYSTEM32\cfgmgr32.dll
0x00007ffce6fe0000 - 0x00007ffce7006000 	C:\Windows\SYSTEM32\DEVOBJ.dll
0x0000000050570000 - 0x000000005057f000 	C:\Program Files\Java\jre1.8.0_25\bin\verify.dll
0x0000000050540000 - 0x0000000050568000 	C:\Program Files\Java\jre1.8.0_25\bin\java.dll
0x0000000050520000 - 0x0000000050536000 	C:\Program Files\Java\jre1.8.0_25\bin\zip.dll
0x00000000501e0000 - 0x0000000050378000 	C:\Program Files\Java\jre1.8.0_25\bin\awt.dll
0x00007ffce8740000 - 0x00007ffce8801000 	C:\Windows\system32\OLEAUT32.dll
0x00007ffce65b0000 - 0x00007ffce65d0000 	C:\Windows\system32\DWMAPI.DLL
0x00007ffce6e60000 - 0x00007ffce6f81000 	C:\Windows\system32\uxtheme.dll
0x0000000050090000 - 0x00000000500c4000 	C:\Programe Files\Fraps\fraps64.dll
0x00007ffce7030000 - 0x00007ffce703a000 	C:\Windows\SYSTEM32\kernel.appcore.dll
0x00007ffce80c0000 - 0x00007ffce80ca000 	C:\Windows\SYSTEM32\CRYPTBASE.dll
0x00007ffce8060000 - 0x00007ffce80c0000 	C:\Windows\SYSTEM32\bcryptPrimitives.dll
0x00007ffcdef60000 - 0x00007ffcdf168000 	C:\Windows\system32\d3d9.dll
0x00007ffce4560000 - 0x00007ffce456a000 	C:\Windows\SYSTEM32\VERSION.dll
0x00007ffcc2d50000 - 0x00007ffcc3dbc000 	C:\Windows\SYSTEM32\nvd3dumx.dll
0x0000000180000000 - 0x0000000180179000 	C:\Windows\system32\nvspcap64.dll
0x00007ffce7810000 - 0x00007ffce7855000 	C:\Windows\system32\powrprof.dll
0x00007ffcdcff0000 - 0x00007ffcdd15b000 	C:\Program Files (x86)\NVIDIA Corporation\3D Vision\nvSCPAPI64.dll
0x00007ffcea690000 - 0x00007ffcea864000 	C:\Windows\system32\SETUPAPI.dll
0x00000000501b0000 - 0x00000000501dc000 	C:\Program Files\Java\jre1.8.0_25\bin\prism_d3d.dll
0x0000000050160000 - 0x00000000501a2000 	C:\Program Files\Java\jre1.8.0_25\bin\glass.dll
0x00007ffcea300000 - 0x00007ffcea39e000 	C:\Windows\system32\COMDLG32.dll
0x0000000050140000 - 0x0000000050155000 	C:\Program Files\Java\jre1.8.0_25\bin\javafx_font.dll
0x00007ffce3e20000 - 0x00007ffce4007000 	C:\Windows\SYSTEM32\dwrite.dll
0x00000000500f0000 - 0x0000000050137000 	C:\Program Files\Java\jre1.8.0_25\bin\fontmanager.dll
0x00007ffce7af0000 - 0x00007ffce7b0e000 	C:\Windows\SYSTEM32\CRYPTSP.dll
0x00007ffce76e0000 - 0x00007ffce7715000 	C:\Windows\system32\rsaenh.dll
0x00007ffce7d30000 - 0x00007ffce7d56000 	C:\Windows\SYSTEM32\bcrypt.dll
0x0000000050500000 - 0x000000005051a000 	C:\Program Files\Java\jre1.8.0_25\bin\net.dll
0x00007ffce7a90000 - 0x00007ffce7ae8000 	C:\Windows\system32\mswsock.dll
0x00007ffce24e0000 - 0x00007ffce2509000 	C:\Windows\SYSTEM32\IPHLPAPI.DLL
0x00007ffce24c0000 - 0x00007ffce24ca000 	C:\Windows\SYSTEM32\WINNSI.DLL
0x00007ffce13c0000 - 0x00007ffce13d4000 	C:\Windows\SYSTEM32\dhcpcsvc6.DLL
0x00007ffce15c0000 - 0x00007ffce15d9000 	C:\Windows\SYSTEM32\dhcpcsvc.DLL
0x00000000504e0000 - 0x00000000504f1000 	C:\Program Files\Java\jre1.8.0_25\bin\nio.dll
0x000000002e8c0000 - 0x000000002e8cd000 	C:\Users\Bili\AppData\Local\Temp\jogamp_0000\file_cache\jln5630965259606825940\jln2587055018399662541\gluegen-rt.dll
0x0000000052460000 - 0x0000000052467000 	C:\Program Files\Java\jre1.8.0_25\bin\jawt.dll
0x000000006a440000 - 0x000000006a44d000 	C:\Users\Bili\AppData\Local\Temp\jogamp_0000\file_cache\jln5630965259606825940\jln2587055018399662541\nativewindow_awt.dll
0x00007ffceaa70000 - 0x00007ffceab14000 	C:\Windows\SYSTEM32\clbcatq.dll
0x00007ffcd9d20000 - 0x00007ffcd9dda000 	C:\Windows\System32\IME\IMEKR\imkrtip.dll
0x00007ffce2690000 - 0x00007ffce27ff000 	C:\Windows\SYSTEM32\PROPSYS.dll
0x00007ffcd26f0000 - 0x00007ffcd27dc000 	C:\Windows\System32\IME\shared\imetip.dll
0x00007ffce4080000 - 0x00007ffce40e3000 	C:\Windows\SYSTEM32\OLEACC.dll
0x00007ffce65d0000 - 0x00007ffce677a000 	C:\Windows\SYSTEM32\DUI70.dll
0x00007ffcdc550000 - 0x00007ffcdc57d000 	C:\Windows\System32\IME\IMEKR\imkrapi.dll
0x00007ffcd9e40000 - 0x00007ffcd9e74000 	C:\Windows\System32\IME\shared\imjkapi.dll
0x00007ffce2f80000 - 0x00007ffce2fb0000 	C:\Windows\SYSTEM32\ntmarta.dll
0x000000006c100000 - 0x000000006c10f000 	C:\Users\Bili\AppData\Local\Temp\jogamp_0000\file_cache\jln5630965259606825940\jln2587055018399662541\nativewindow_win32.dll
0x00007ffce6400000 - 0x00007ffce65ae000 	C:\Windows\SYSTEM32\WindowsCodecs.dll
0x00007ffcd9250000 - 0x00007ffcd9371000 	C:\Windows\SYSTEM32\OpenGL32.dll
0x00007ffcdc220000 - 0x00007ffcdc24c000 	C:\Windows\SYSTEM32\GLU32.dll
0x00007ffcd7dc0000 - 0x00007ffcd7eb4000 	C:\Windows\SYSTEM32\DDRAW.dll
0x00007ffcdbd40000 - 0x00007ffcdbd49000 	C:\Windows\SYSTEM32\DCIMAN32.dll
0x000000002fdd0000 - 0x000000002fe70000 	C:\Users\Bili\AppData\Local\Temp\jogamp_0000\file_cache\jln5630965259606825940\jln2587055018399662541\jogl_desktop.dll
0x0000000076120000 - 0x0000000077ff9000 	C:\Windows\SYSTEM32\nvoglv64.DLL
0x00007ffce6d70000 - 0x00007ffce6d81000 	C:\Windows\SYSTEM32\WTSAPI32.dll
0x00007ffce8590000 - 0x00007ffce85dc000 	C:\Windows\system32\WINTRUST.dll
0x00007ffce82a0000 - 0x00007ffce847f000 	C:\Windows\system32\CRYPT32.dll
0x00007ffce8230000 - 0x00007ffce8242000 	C:\Windows\system32\MSASN1.dll
0x00000000500d0000 - 0x00000000500e1000 	C:\Program Files\Java\jre1.8.0_25\bin\prism_common.dll
0x00007ffce1b80000 - 0x00007ffce1fe7000 	C:\Windows\SYSTEM32\d2d1.dll
0x00007ffce61f0000 - 0x00007ffce63f8000 	C:\Windows\SYSTEM32\d3d11.dll
0x00007ffce5f00000 - 0x00007ffce5f7f000 	C:\Windows\SYSTEM32\dxgi.dll
0x00007ffcd45b0000 - 0x00007ffcd47fc000 	C:\Windows\SYSTEM32\D3D10Warp.dll
0x00007ffce7410000 - 0x00007ffce7467000 	C:\Windows\SYSTEM32\WINSTA.dll
0x00000000325e0000 - 0x0000000032634000 	F:\Office and Education\unikey40RC2-1101-win64\UKHook40.dll
0x00007ffcdf3d0000 - 0x00007ffcdf558000 	C:\Windows\SYSTEM32\dbghelp.dll

VM Arguments:
jvm_args: -Dfile.encoding=Cp1252 
java_command: magiclab.main.GuiGame
java_class_path (initial): L:\Project\Lego\Lego Without Drag\trunk\Lego Rework\bin;L:\Project\Lego\Lego Without Drag\trunk\Lego Rework\core\library\core.jar;L:\Project\Lego\Lego Without Drag\trunk\Lego Rework\core\library\gluegen-rt-natives-windows-amd64.jar;L:\Project\Lego\Lego Without Drag\trunk\Lego Rework\core\library\gluegen-rt.jar;L:\Project\Lego\Lego Without Drag\trunk\Lego Rework\core\library\jogl-all-natives-windows-amd64.jar;L:\Project\Lego\Lego Without Drag\trunk\Lego Rework\core\library\jogl-all.jar;L:\Project\Lego\Lego Without Drag\trunk\Lego Rework\controlP5.jar;L:\Project\Lego\Lego Without Drag\trunk\Lego Rework\controlsfx-8.20.8.jar;L:\Project\Lego\Lego Without Drag\trunk\Lego Rework\OBJLoader.jar;L:\Project\Lego\Lego Without Drag\trunk\Lego Rework\proscene.jar;F:\Office and Education\eclipse-java-luna-SR1-win32-x86_64\eclipse\plugins\org.junit_4.11.0.v201303080030\junit.jar;F:\Office and Education\eclipse-java-luna-SR1-win32-x86_64\eclipse\plugins\org.hamcrest.core_1.3.0.v201303031735.jar
Launcher Type: SUN_STANDARD

Environment Variables:
PATH=C:/Program Files/Java/jre1.8.0_25/bin/server;C:/Program Files/Java/jre1.8.0_25/bin;C:/Program Files/Java/jre1.8.0_25/lib/amd64;C:\ProgramData\Oracle\Java\javapath;C:\Program Files (x86)\Intel\iCLS Client\;C:\Program Files\Intel\iCLS Client\;C:\Program Files (x86)\NVIDIA Corporation\PhysX\Common;C:\Windows\system32;C:\Windows;C:\Windows\System32\Wbem;C:\Windows\System32\WindowsPowerShell\v1.0\;C:\Program Files\Intel\Intel(R) Management Engine Components\DAL;C:\Program Files (x86)\Intel\Intel(R) Management Engine Components\DAL;C:\Program Files\Intel\Intel(R) Management Engine Components\IPT;C:\Program Files (x86)\Intel\Intel(R) Management Engine Components\IPT;C:\Program Files (x86)\Windows Kits\8.1\Windows Performance Toolkit\;C:\Program Files (x86)\Microsoft SDKs\TypeScript\1.1\;C:\Program Files (x86)\nodejs\;C:\Program Files\TortoiseSVN\bin;C:\Users\Bili\AppData\Roaming\npm;F:\Office and Education\eclipse-java-luna-SR1-win32-x86_64\eclipse;
USERNAME=Bili
OS=Windows_NT
PROCESSOR_IDENTIFIER=Intel64 Family 6 Model 60 Stepping 3, GenuineIntel



---------------  S Y S T E M  ---------------

OS: Windows 8.1 , 64 bit Build 9600 

CPU:total 8 (4 cores per cpu, 2 threads per core) family 6 model 60 stepping 3, cmov, cx8, fxsr, mmx, sse, sse2, sse3, ssse3, sse4.1, sse4.2, popcnt, avx, avx2, aes, clmul, erms, rtm, lzcnt, ht, tsc, tscinvbit, bmi1, bmi2

Memory: 4k page, physical 33412028k(21635228k free), swap 38392764k(20646020k free)

vm_info: Java HotSpot(TM) 64-Bit Server VM (25.25-b02) for windows-amd64 JRE (1.8.0_25-b18), built on Oct  7 2014 14:25:37 by "java_re" with MS VC++ 10.0 (VS2010)

time: Mon Jan 26 03:55:50 2015
elapsed time: 4 seconds (0d 0h 0m 4s)

