#
# A fatal error has been detected by the Java Runtime Environment:
#
#  EXCEPTION_ACCESS_VIOLATION (0xc0000005) at pc=0x00000000280b5649, pid=7220, tid=6876
#
# JRE version: Java(TM) SE Runtime Environment (8.0_25-b18) (build 1.8.0_25-b18)
# Java VM: Java HotSpot(TM) 64-Bit Server VM (25.25-b02 mixed mode windows-amd64 compressed oops)
# Problematic frame:
# C  [nvoglv64.DLL+0x825649]
#
# Failed to write core dump. Minidumps are not enabled by default on client versions of Windows
#
# If you would like to submit a bug report, please visit:
#   http://bugreport.sun.com/bugreport/crash.jsp
# The crash happened outside the Java Virtual Machine in native code.
# See problematic frame for where to report the bug.
#

---------------  T H R E A D  ---------------

Current thread (0x000000001f83e000):  JavaThread "JavaFX Application Thread" [_thread_in_native, id=6876, stack(0x00000000233b0000,0x00000000234b0000)]

siginfo: ExceptionCode=0xc0000005, reading address 0x0000000000000ee8

Registers:
RAX=0x0000000000000000, RBX=0x000000002dd8a758, RCX=0x0000000000000001, RDX=0x000000001e827750
RSP=0x00000000234abb98, RBP=0x00000000234abc10, RSI=0x0000000000000001, RDI=0x0000000000000000
R8 =0x0000000000000042, R9 =0x00000006c066cf48, R10=0x000000000000003a, R11=0x000000006b345300
R12=0x0000000000000000, R13=0x00000000234abe18, R14=0x00000000234abe98, R15=0x000000001f83e000
RIP=0x00000000280b5649, EFLAGS=0x0000000000010206

Top of Stack: (sp=0x00000000234abb98)
0x00000000234abb98:   000000000320731c 000000001f83e000
0x00000000234abba8:   000000006ad404a0 0000000024264690
0x00000000234abbb8:   000000001f83e000 0000000000000000
0x00000000234abbc8:   0000000000000001 00000000280b5640
0x00000000234abbd8:   0000000772589668 00000000234abe70
0x00000000234abbe8:   00000006c066cf48 000000000f54e919
0x00000000234abbf8:   00000000234abc60 000000003020027f
0x00000000234abc08:   0000000002b02cea 00000000234abe70
0x00000000234abc18:   0000000003209dd4 aa3be90000000000
0x00000000234abc28:   0000000000003ffe d555555555555800
0x00000000234abc38:   0000000000003ffd aa3be90000000000
0x00000000234abc48:   0000000000003ffe d555555555555800
0x00000000234abc58:   0000000000003ffd aa3be90000000000
0x00000000234abc68:   0000000000003ffe 860a91c16b9b2800
0x00000000234abc78:   0000000000003ffd 8000000000000000
0x00000000234abc88:   0000000000003fff e200000000000000 

Instructions: (pc=0x00000000280b5649)
0x00000000280b5629:   af af af af af af af c3 cc cc cc cc cc cc cc cc
0x00000000280b5639:   cc cc cc cc cc cc cc 65 48 8b 04 25 e0 15 00 00
0x00000000280b5649:   ff a0 e8 0e 00 00 cc cc cc cc cc cc cc cc cc cc
0x00000000280b5659:   cc cc cc cc cc cc cc cc cc cc cc cc cc cc cc cc 


Register to memory mapping:

RAX=0x0000000000000000 is an unknown value
RBX=0x000000002dd8a758 is pointing into metadata
RCX=0x0000000000000001 is an unknown value
RDX=0x000000001e827750 is an unknown value
RSP=0x00000000234abb98 is pointing into the stack for thread: 0x000000001f83e000
RBP=0x00000000234abc10 is pointing into the stack for thread: 0x000000001f83e000
RSI=0x0000000000000001 is an unknown value
RDI=0x0000000000000000 is an unknown value
R8 =0x0000000000000042 is an unknown value
R9 =0x00000006c066cf48 is an oop
java.nio.DirectIntBufferU 
 - klass: 'java/nio/DirectIntBufferU'
R10=0x000000000000003a is an unknown value
R11=0x000000006b345300 is an unknown value
R12=0x0000000000000000 is an unknown value
R13=0x00000000234abe18 is pointing into the stack for thread: 0x000000001f83e000
R14=0x00000000234abe98 is pointing into the stack for thread: 0x000000001f83e000
R15=0x000000001f83e000 is a thread


Stack: [0x00000000233b0000,0x00000000234b0000],  sp=0x00000000234abb98,  free space=1006k
Native frames: (J=compiled Java code, j=interpreted, Vv=VM code, C=native code)
C  [nvoglv64.DLL+0x825649]

Java frames: (J=compiled Java code, j=interpreted, Vv=VM code)
J 2158  jogamp.opengl.gl4.GL4bcImpl.dispatch_glGenBuffers1(ILjava/lang/Object;IZJ)V (0 bytes) @ 0x000000000320729e [0x0000000003207240+0x5e]
J 2157 C1 jogamp.opengl.gl4.GL4bcImpl.glGenBuffers(ILjava/nio/IntBuffer;)V (91 bytes) @ 0x0000000003209dd4 [0x00000000032090a0+0xd34]
J 2156 C1 processing.opengl.PJOGL.genBuffers(ILjava/nio/IntBuffer;)V (12 bytes) @ 0x000000000320770c [0x0000000003207600+0x10c]
J 2160 C1 processing.opengl.PGraphicsOpenGL.createVertexBufferObject(ILprocessing/opengl/PGL;)I (54 bytes) @ 0x00000000032081cc [0x00000000032080a0+0x12c]
j  processing.opengl.PShapeOpenGL.initPolyBuffers()V+43
J 2640 C2 processing.core.PApplet.shape(Lprocessing/core/PShape;FF)V (28 bytes) @ 0x00000000033c436c [0x00000000033c27e0+0x1b8c]
j  magic.lego.controller.GameManager.drawExpandPlane(II)V+310
j  magiclab.main.LegoGame.resetPlane(II)V+6
j  magiclab.main.GuiGame$4.handle(Ljavafx/event/ActionEvent;)V+71
j  magiclab.main.GuiGame$4.handle(Ljavafx/event/Event;)V+5
J 3828 C1 com.sun.javafx.event.CompositeEventHandler.dispatchBubblingEvent(Ljavafx/event/Event;)V (57 bytes) @ 0x0000000003749be4 [0x0000000003749800+0x3e4]
J 3309 C1 com.sun.javafx.event.EventHandlerManager.dispatchBubblingEvent(Ljavafx/event/EventType;Ljavafx/event/Event;)Ljavafx/event/Event; (34 bytes) @ 0x00000000035bd9b4 [0x00000000035bd440+0x574]
j  com.sun.javafx.event.EventHandlerManager.dispatchBubblingEvent(Ljavafx/event/Event;)Ljavafx/event/Event;+8
j  com.sun.javafx.event.CompositeEventDispatcher.dispatchBubblingEvent(Ljavafx/event/Event;)Ljavafx/event/Event;+11
J 3573 C1 com.sun.javafx.event.BasicEventDispatcher.dispatchEvent(Ljavafx/event/Event;Ljavafx/event/EventDispatchChain;)Ljavafx/event/Event; (44 bytes) @ 0x000000000368d47c [0x000000000368d140+0x33c]
J 3291 C1 com.sun.javafx.event.EventDispatchChainImpl.dispatchEvent(Ljavafx/event/Event;)Ljavafx/event/Event; (101 bytes) @ 0x00000000035b7d3c [0x00000000035b7b80+0x1bc]
J 3573 C1 com.sun.javafx.event.BasicEventDispatcher.dispatchEvent(Ljavafx/event/Event;Ljavafx/event/EventDispatchChain;)Ljavafx/event/Event; (44 bytes) @ 0x000000000368d394 [0x000000000368d140+0x254]
J 3291 C1 com.sun.javafx.event.EventDispatchChainImpl.dispatchEvent(Ljavafx/event/Event;)Ljavafx/event/Event; (101 bytes) @ 0x00000000035b7d3c [0x00000000035b7b80+0x1bc]
J 3573 C1 com.sun.javafx.event.BasicEventDispatcher.dispatchEvent(Ljavafx/event/Event;Ljavafx/event/EventDispatchChain;)Ljavafx/event/Event; (44 bytes) @ 0x000000000368d394 [0x000000000368d140+0x254]
J 3291 C1 com.sun.javafx.event.EventDispatchChainImpl.dispatchEvent(Ljavafx/event/Event;)Ljavafx/event/Event; (101 bytes) @ 0x00000000035b7d3c [0x00000000035b7b80+0x1bc]
J 3573 C1 com.sun.javafx.event.BasicEventDispatcher.dispatchEvent(Ljavafx/event/Event;Ljavafx/event/EventDispatchChain;)Ljavafx/event/Event; (44 bytes) @ 0x000000000368d394 [0x000000000368d140+0x254]
J 3291 C1 com.sun.javafx.event.EventDispatchChainImpl.dispatchEvent(Ljavafx/event/Event;)Ljavafx/event/Event; (101 bytes) @ 0x00000000035b7d3c [0x00000000035b7b80+0x1bc]
j  com.sun.javafx.event.EventUtil.fireEventImpl(Ljavafx/event/EventDispatchChain;Ljavafx/event/EventTarget;Ljavafx/event/Event;)Ljavafx/event/Event;+10
j  com.sun.javafx.event.EventUtil.fireEvent(Ljavafx/event/EventTarget;Ljavafx/event/Event;)Ljavafx/event/Event;+37
j  javafx.event.Event.fireEvent(Ljavafx/event/EventTarget;Ljavafx/event/Event;)V+30
j  javafx.scene.Node.fireEvent(Ljavafx/event/Event;)V+86
j  javafx.scene.control.Button.fire()V+15
j  com.sun.javafx.scene.control.behavior.ButtonBehavior.mouseReleased(Ljavafx/scene/input/MouseEvent;)V+23
j  com.sun.javafx.scene.control.skin.BehaviorSkinBase$1.handle(Ljavafx/scene/input/MouseEvent;)V+83
j  com.sun.javafx.scene.control.skin.BehaviorSkinBase$1.handle(Ljavafx/event/Event;)V+5
j  com.sun.javafx.event.CompositeEventHandler$NormalEventHandlerRecord.handleBubblingEvent(Ljavafx/event/Event;)V+5
J 3828 C1 com.sun.javafx.event.CompositeEventHandler.dispatchBubblingEvent(Ljavafx/event/Event;)V (57 bytes) @ 0x0000000003749a4c [0x0000000003749800+0x24c]
J 3309 C1 com.sun.javafx.event.EventHandlerManager.dispatchBubblingEvent(Ljavafx/event/EventType;Ljavafx/event/Event;)Ljavafx/event/Event; (34 bytes) @ 0x00000000035bd9b4 [0x00000000035bd440+0x574]
j  com.sun.javafx.event.EventHandlerManager.dispatchBubblingEvent(Ljavafx/event/Event;)Ljavafx/event/Event;+8
j  com.sun.javafx.event.CompositeEventDispatcher.dispatchBubblingEvent(Ljavafx/event/Event;)Ljavafx/event/Event;+11
J 3573 C1 com.sun.javafx.event.BasicEventDispatcher.dispatchEvent(Ljavafx/event/Event;Ljavafx/event/EventDispatchChain;)Ljavafx/event/Event; (44 bytes) @ 0x000000000368d47c [0x000000000368d140+0x33c]
J 3291 C1 com.sun.javafx.event.EventDispatchChainImpl.dispatchEvent(Ljavafx/event/Event;)Ljavafx/event/Event; (101 bytes) @ 0x00000000035b7d3c [0x00000000035b7b80+0x1bc]
J 3573 C1 com.sun.javafx.event.BasicEventDispatcher.dispatchEvent(Ljavafx/event/Event;Ljavafx/event/EventDispatchChain;)Ljavafx/event/Event; (44 bytes) @ 0x000000000368d394 [0x000000000368d140+0x254]
J 3291 C1 com.sun.javafx.event.EventDispatchChainImpl.dispatchEvent(Ljavafx/event/Event;)Ljavafx/event/Event; (101 bytes) @ 0x00000000035b7d3c [0x00000000035b7b80+0x1bc]
J 3573 C1 com.sun.javafx.event.BasicEventDispatcher.dispatchEvent(Ljavafx/event/Event;Ljavafx/event/EventDispatchChain;)Ljavafx/event/Event; (44 bytes) @ 0x000000000368d394 [0x000000000368d140+0x254]
J 3291 C1 com.sun.javafx.event.EventDispatchChainImpl.dispatchEvent(Ljavafx/event/Event;)Ljavafx/event/Event; (101 bytes) @ 0x00000000035b7d3c [0x00000000035b7b80+0x1bc]
J 3573 C1 com.sun.javafx.event.BasicEventDispatcher.dispatchEvent(Ljavafx/event/Event;Ljavafx/event/EventDispatchChain;)Ljavafx/event/Event; (44 bytes) @ 0x000000000368d394 [0x000000000368d140+0x254]
J 3291 C1 com.sun.javafx.event.EventDispatchChainImpl.dispatchEvent(Ljavafx/event/Event;)Ljavafx/event/Event; (101 bytes) @ 0x00000000035b7d3c [0x00000000035b7b80+0x1bc]
j  com.sun.javafx.event.EventUtil.fireEventImpl(Ljavafx/event/EventDispatchChain;Ljavafx/event/EventTarget;Ljavafx/event/Event;)Ljavafx/event/Event;+10
j  com.sun.javafx.event.EventUtil.fireEvent(Ljavafx/event/EventTarget;Ljavafx/event/Event;)Ljavafx/event/Event;+46
j  javafx.event.Event.fireEvent(Ljavafx/event/EventTarget;Ljavafx/event/Event;)V+30
j  javafx.scene.Scene$MouseHandler.process(Ljavafx/scene/input/MouseEvent;Z)V+491
j  javafx.scene.Scene$MouseHandler.access$1500(Ljavafx/scene/Scene$MouseHandler;Ljavafx/scene/input/MouseEvent;Z)V+3
j  javafx.scene.Scene.impl_processMouseEvent(Ljavafx/scene/input/MouseEvent;)V+6
j  javafx.scene.Scene$ScenePeerListener.mouseEvent(Ljavafx/event/EventType;DDDDLjavafx/scene/input/MouseButton;ZZZZZZZZZ)V+46
j  com.sun.javafx.tk.quantum.EmbeddedScene.lambda$null$281(IIIIIIZZZZIZZZZ)Ljava/lang/Void;+132
j  com.sun.javafx.tk.quantum.EmbeddedScene$$Lambda$199.run()Ljava/lang/Object;+64
v  ~StubRoutines::call_stub
J 1672  java.security.AccessController.doPrivileged(Ljava/security/PrivilegedAction;Ljava/security/AccessControlContext;)Ljava/lang/Object; (0 bytes) @ 0x0000000003089ea6 [0x0000000003089e40+0x66]
j  com.sun.javafx.tk.quantum.EmbeddedScene.lambda$mouseEvent$282(IIIIIIZZZZIZZZZ)V+37
j  com.sun.javafx.tk.quantum.EmbeddedScene$$Lambda$198.run()V+64
j  com.sun.javafx.application.PlatformImpl.lambda$null$164(Ljava/lang/Runnable;)Ljava/lang/Void;+1
j  com.sun.javafx.application.PlatformImpl$$Lambda$58.run()Ljava/lang/Object;+4
v  ~StubRoutines::call_stub
J 1672  java.security.AccessController.doPrivileged(Ljava/security/PrivilegedAction;Ljava/security/AccessControlContext;)Ljava/lang/Object; (0 bytes) @ 0x0000000003089ea6 [0x0000000003089e40+0x66]
j  com.sun.javafx.application.PlatformImpl.lambda$runLater$165(Ljava/lang/Runnable;Ljava/security/AccessControlContext;)V+7
j  com.sun.javafx.application.PlatformImpl$$Lambda$57.run()V+8
j  com.sun.glass.ui.InvokeLaterDispatcher$Future.run()V+4
v  ~StubRoutines::call_stub
j  com.sun.glass.ui.win.WinApplication._runLoop(Ljava/lang/Runnable;)V+0
j  com.sun.glass.ui.win.WinApplication.lambda$null$141(Ljava/lang/Runnable;)V+7
j  com.sun.glass.ui.win.WinApplication$$Lambda$49.run()V+8
j  java.lang.Thread.run()V+11
v  ~StubRoutines::call_stub

---------------  P R O C E S S  ---------------

Java Threads: ( => current thread )
  0x000000001e5df000 JavaThread "DestroyJavaVM" [_thread_blocked, id=6128, stack(0x00000000028f0000,0x00000000029f0000)]
  0x000000001e5de800 JavaThread "Animation Thread-SharedResourceRunner" daemon [_thread_blocked, id=6744, stack(0x0000000027210000,0x0000000027310000)]
  0x000000001e5dc000 JavaThread "Prism Font Disposer" daemon [_thread_blocked, id=5392, stack(0x0000000022920000,0x0000000022a20000)]
  0x000000001f9c7800 JavaThread "D3D Screen Updater" daemon [_thread_blocked, id=2724, stack(0x00000000221d0000,0x00000000222d0000)]
  0x000000001f95a800 JavaThread "AWT-EventQueue-0" [_thread_blocked, id=4568, stack(0x00000000242b0000,0x00000000243b0000)]
  0x000000001f8cd000 JavaThread "Animation Thread" [_thread_blocked, id=8004, stack(0x0000000023fb0000,0x00000000240b0000)]
  0x000000001f88a800 JavaThread "Thread-3" daemon [_thread_in_native, id=828, stack(0x0000000023cb0000,0x0000000023db0000)]
=>0x000000001f83e000 JavaThread "JavaFX Application Thread" [_thread_in_native, id=6876, stack(0x00000000233b0000,0x00000000234b0000)]
  0x000000001f83d800 JavaThread "Thread-2" daemon [_thread_blocked, id=2172, stack(0x00000000231b0000,0x00000000232b0000)]
  0x000000001f81c800 JavaThread "QuantumRenderer-0" daemon [_thread_blocked, id=3568, stack(0x00000000230b0000,0x00000000231b0000)]
  0x000000001f77c000 JavaThread "AWT-Windows" daemon [_thread_in_native, id=5372, stack(0x0000000020120000,0x0000000020220000)]
  0x000000001f77b800 JavaThread "AWT-Shutdown" [_thread_blocked, id=2396, stack(0x0000000020020000,0x0000000020120000)]
  0x000000001f778800 JavaThread "Java2D Disposer" daemon [_thread_blocked, id=7744, stack(0x000000001ff20000,0x0000000020020000)]
  0x000000001e658800 JavaThread "Service Thread" daemon [_thread_blocked, id=7604, stack(0x000000001efa0000,0x000000001f0a0000)]
  0x000000001e5da800 JavaThread "C1 CompilerThread3" daemon [_thread_blocked, id=8088, stack(0x000000001eea0000,0x000000001efa0000)]
  0x000000001e5d5000 JavaThread "C2 CompilerThread2" daemon [_thread_blocked, id=3612, stack(0x000000001eda0000,0x000000001eea0000)]
  0x000000001e5cb800 JavaThread "C2 CompilerThread1" daemon [_thread_blocked, id=7492, stack(0x000000001eca0000,0x000000001eda0000)]
  0x000000001e5c8800 JavaThread "C2 CompilerThread0" daemon [_thread_blocked, id=6880, stack(0x000000001eba0000,0x000000001eca0000)]
  0x000000001e5c7800 JavaThread "Attach Listener" daemon [_thread_blocked, id=6832, stack(0x000000001eaa0000,0x000000001eba0000)]
  0x000000001e5c6000 JavaThread "Signal Dispatcher" daemon [_thread_blocked, id=540, stack(0x000000001e9a0000,0x000000001eaa0000)]
  0x0000000002ae8800 JavaThread "Finalizer" daemon [_thread_blocked, id=3392, stack(0x000000001e4a0000,0x000000001e5a0000)]
  0x000000001c5db800 JavaThread "Reference Handler" daemon [_thread_blocked, id=7432, stack(0x000000001e3a0000,0x000000001e4a0000)]

Other Threads:
  0x000000001c5d6800 VMThread [stack: 0x000000001e2a0000,0x000000001e3a0000] [id=2100]
  0x000000001e65d000 WatcherThread [stack: 0x000000001f0a0000,0x000000001f1a0000] [id=3340]

VM state:not at safepoint (normal execution)

VM Mutex/Monitor currently owned by a thread: None

Heap:
 PSYoungGen      total 138752K, used 62401K [0x000000076ac00000, 0x0000000775280000, 0x00000007c0000000)
  eden space 118784K, 43% used [0x000000076ac00000,0x000000076debbe60,0x0000000772000000)
  from space 19968K, 52% used [0x0000000772000000,0x0000000772a34788,0x0000000773380000)
  to   space 19456K, 0% used [0x0000000773f80000,0x0000000773f80000,0x0000000775280000)
 ParOldGen       total 125440K, used 22758K [0x00000006c0400000, 0x00000006c7e80000, 0x000000076ac00000)
  object space 125440K, 18% used [0x00000006c0400000,0x00000006c1a39820,0x00000006c7e80000)
 Metaspace       used 30959K, capacity 31781K, committed 32000K, reserved 1077248K
  class space    used 3858K, capacity 4048K, committed 4096K, reserved 1048576K

Card table byte_map: [0x0000000011eb0000,0x00000000126b0000] byte_map_base: 0x000000000e8ae000

Marking Bits: (ParMarkBitMap*) 0x000000006b34d490
 Begin Bits: [0x0000000013410000, 0x0000000017400000)
 End Bits:   [0x0000000017400000, 0x000000001b3f0000)

Polling page: 0x00000000010a0000

CodeCache: size=245760Kb used=12797Kb max_used=12797Kb free=232962Kb
 bounds [0x0000000002af0000, 0x0000000003780000, 0x0000000011af0000]
 total_blobs=5045 nmethods=3886 adapters=1071
 compilation: enabled

Compilation events (10 events):
Event: 11.174 Thread 0x000000001e5da800 3872       3       processing.core.PShape::<init> (35 bytes)
Event: 11.174 Thread 0x000000001e5da800 nmethod 3872 0x000000000376da50 code [0x000000000376dbc0, 0x000000000376ddb0]
Event: 11.174 Thread 0x000000001e5da800 3873       3       processing.core.PShape::colorMode (126 bytes)
Event: 11.174 Thread 0x000000001e5da800 nmethod 3873 0x000000000376de90 code [0x000000000376e040, 0x000000000376e570]
Event: 11.174 Thread 0x000000001e5da800 3874       3       processing.opengl.PShapeOpenGL::setStroke (122 bytes)
Event: 11.174 Thread 0x000000001e5cb800 3884       4       java.nio.DirectByteBuffer::asFloatBuffer (151 bytes)
Event: 11.175 Thread 0x000000001e5da800 nmethod 3874 0x000000000376e610 code [0x000000000376e8c0, 0x000000000376fd08]
Event: 11.175 Thread 0x000000001e5da800 3882       3       magiclab.lego.plane.PlaneLego::addSquarePosition (15 bytes)
Event: 11.175 Thread 0x000000001e5da800 nmethod 3882 0x0000000003770850 code [0x0000000003770a00, 0x0000000003770fe8]
Event: 11.175 Thread 0x000000001e5da800 3883       3       processing.opengl.PShapeOpenGL::setStrokeImpl (284 bytes)

GC Heap History (10 events):
Event: 5.238 GC heap before
{Heap before GC invocations=6 (full 1):
 PSYoungGen      total 92160K, used 92137K [0x000000076ac00000, 0x0000000771080000, 0x00000007c0000000)
  eden space 81408K, 100% used [0x000000076ac00000,0x000000076fb80000,0x000000076fb80000)
  from space 10752K, 99% used [0x0000000770600000,0x000000077107a5c0,0x0000000771080000)
  to   space 10752K, 0% used [0x000000076fb80000,0x000000076fb80000,0x0000000770600000)
 ParOldGen       total 125440K, used 22718K [0x00000006c0400000, 0x00000006c7e80000, 0x000000076ac00000)
  object space 125440K, 18% used [0x00000006c0400000,0x00000006c1a2f820,0x00000006c7e80000)
 Metaspace       used 29938K, capacity 30737K, committed 30848K, reserved 1077248K
  class space    used 3790K, capacity 3960K, committed 3968K, reserved 1048576K
Event: 5.243 GC heap after
Heap after GC invocations=6 (full 1):
 PSYoungGen      total 92160K, used 10417K [0x000000076ac00000, 0x0000000773880000, 0x00000007c0000000)
  eden space 81408K, 0% used [0x000000076ac00000,0x000000076ac00000,0x000000076fb80000)
  from space 10752K, 96% used [0x000000076fb80000,0x00000007705ac788,0x0000000770600000)
  to   space 22016K, 0% used [0x0000000772300000,0x0000000772300000,0x0000000773880000)
 ParOldGen       total 125440K, used 22726K [0x00000006c0400000, 0x00000006c7e80000, 0x000000076ac00000)
  object space 125440K, 18% used [0x00000006c0400000,0x00000006c1a31820,0x00000006c7e80000)
 Metaspace       used 29938K, capacity 30737K, committed 30848K, reserved 1077248K
  class space    used 3790K, capacity 3960K, committed 3968K, reserved 1048576K
}
Event: 6.269 GC heap before
{Heap before GC invocations=7 (full 1):
 PSYoungGen      total 92160K, used 91825K [0x000000076ac00000, 0x0000000773880000, 0x00000007c0000000)
  eden space 81408K, 100% used [0x000000076ac00000,0x000000076fb80000,0x000000076fb80000)
  from space 10752K, 96% used [0x000000076fb80000,0x00000007705ac788,0x0000000770600000)
  to   space 22016K, 0% used [0x0000000772300000,0x0000000772300000,0x0000000773880000)
 ParOldGen       total 125440K, used 22726K [0x00000006c0400000, 0x00000006c7e80000, 0x000000076ac00000)
  object space 125440K, 18% used [0x00000006c0400000,0x00000006c1a31820,0x00000006c7e80000)
 Metaspace       used 30074K, capacity 30865K, committed 31104K, reserved 1077248K
  class space    used 3790K, capacity 3960K, committed 3968K, reserved 1048576K
Event: 6.274 GC heap after
Heap after GC invocations=7 (full 1):
 PSYoungGen      total 118784K, used 10353K [0x000000076ac00000, 0x0000000773600000, 0x00000007c0000000)
  eden space 99328K, 0% used [0x000000076ac00000,0x000000076ac00000,0x0000000770d00000)
  from space 19456K, 53% used [0x0000000772300000,0x0000000772d1c788,0x0000000773600000)
  to   space 20992K, 0% used [0x0000000770d00000,0x0000000770d00000,0x0000000772180000)
 ParOldGen       total 125440K, used 22734K [0x00000006c0400000, 0x00000006c7e80000, 0x000000076ac00000)
  object space 125440K, 18% used [0x00000006c0400000,0x00000006c1a33820,0x00000006c7e80000)
 Metaspace       used 30074K, capacity 30865K, committed 31104K, reserved 1077248K
  class space    used 3790K, capacity 3960K, committed 3968K, reserved 1048576K
}
Event: 7.627 GC heap before
{Heap before GC invocations=8 (full 1):
 PSYoungGen      total 118784K, used 109681K [0x000000076ac00000, 0x0000000773600000, 0x00000007c0000000)
  eden space 99328K, 100% used [0x000000076ac00000,0x0000000770d00000,0x0000000770d00000)
  from space 19456K, 53% used [0x0000000772300000,0x0000000772d1c788,0x0000000773600000)
  to   space 20992K, 0% used [0x0000000770d00000,0x0000000770d00000,0x0000000772180000)
 ParOldGen       total 125440K, used 22734K [0x00000006c0400000, 0x00000006c7e80000, 0x000000076ac00000)
  object space 125440K, 18% used [0x00000006c0400000,0x00000006c1a33820,0x00000006c7e80000)
 Metaspace       used 30623K, capacity 31505K, committed 31744K, reserved 1077248K
  class space    used 3854K, capacity 4048K, committed 4096K, reserved 1048576K
Event: 7.631 GC heap after
Heap after GC invocations=8 (full 1):
 PSYoungGen      total 120320K, used 10513K [0x000000076ac00000, 0x0000000774900000, 0x00000007c0000000)
  eden space 99328K, 0% used [0x000000076ac00000,0x000000076ac00000,0x0000000770d00000)
  from space 20992K, 50% used [0x0000000770d00000,0x0000000771744788,0x0000000772180000)
  to   space 20480K, 0% used [0x0000000773500000,0x0000000773500000,0x0000000774900000)
 ParOldGen       total 125440K, used 22742K [0x00000006c0400000, 0x00000006c7e80000, 0x000000076ac00000)
  object space 125440K, 18% used [0x00000006c0400000,0x00000006c1a35820,0x00000006c7e80000)
 Metaspace       used 30623K, capacity 31505K, committed 31744K, reserved 1077248K
  class space    used 3854K, capacity 4048K, committed 4096K, reserved 1048576K
}
Event: 8.977 GC heap before
{Heap before GC invocations=9 (full 1):
 PSYoungGen      total 120320K, used 109841K [0x000000076ac00000, 0x0000000774900000, 0x00000007c0000000)
  eden space 99328K, 100% used [0x000000076ac00000,0x0000000770d00000,0x0000000770d00000)
  from space 20992K, 50% used [0x0000000770d00000,0x0000000771744788,0x0000000772180000)
  to   space 20480K, 0% used [0x0000000773500000,0x0000000773500000,0x0000000774900000)
 ParOldGen       total 125440K, used 22742K [0x00000006c0400000, 0x00000006c7e80000, 0x000000076ac00000)
  object space 125440K, 18% used [0x00000006c0400000,0x00000006c1a35820,0x00000006c7e80000)
 Metaspace       used 30752K, capacity 31633K, committed 31744K, reserved 1077248K
  class space    used 3858K, capacity 4048K, committed 4096K, reserved 1048576K
Event: 8.981 GC heap after
Heap after GC invocations=9 (full 1):
 PSYoungGen      total 137216K, used 10528K [0x000000076ac00000, 0x0000000774700000, 0x00000007c0000000)
  eden space 118784K, 0% used [0x000000076ac00000,0x000000076ac00000,0x0000000772000000)
  from space 18432K, 57% used [0x0000000773500000,0x0000000773f48040,0x0000000774700000)
  to   space 19968K, 0% used [0x0000000772000000,0x0000000772000000,0x0000000773380000)
 ParOldGen       total 125440K, used 22750K [0x00000006c0400000, 0x00000006c7e80000, 0x000000076ac00000)
  object space 125440K, 18% used [0x00000006c0400000,0x00000006c1a37820,0x00000006c7e80000)
 Metaspace       used 30752K, capacity 31633K, committed 31744K, reserved 1077248K
  class space    used 3858K, capacity 4048K, committed 4096K, reserved 1048576K
}
Event: 10.587 GC heap before
{Heap before GC invocations=10 (full 1):
 PSYoungGen      total 137216K, used 129312K [0x000000076ac00000, 0x0000000774700000, 0x00000007c0000000)
  eden space 118784K, 100% used [0x000000076ac00000,0x0000000772000000,0x0000000772000000)
  from space 18432K, 57% used [0x0000000773500000,0x0000000773f48040,0x0000000774700000)
  to   space 19968K, 0% used [0x0000000772000000,0x0000000772000000,0x0000000773380000)
 ParOldGen       total 125440K, used 22750K [0x00000006c0400000, 0x00000006c7e80000, 0x000000076ac00000)
  object space 125440K, 18% used [0x00000006c0400000,0x00000006c1a37820,0x00000006c7e80000)
 Metaspace       used 30873K, capacity 31705K, committed 32000K, reserved 1077248K
  class space    used 3858K, capacity 4048K, committed 4096K, reserved 1048576K
Event: 10.591 GC heap after
Heap after GC invocations=10 (full 1):
 PSYoungGen      total 138752K, used 10449K [0x000000076ac00000, 0x0000000775280000, 0x00000007c0000000)
  eden space 118784K, 0% used [0x000000076ac00000,0x000000076ac00000,0x0000000772000000)
  from space 19968K, 52% used [0x0000000772000000,0x0000000772a34788,0x0000000773380000)
  to   space 19456K, 0% used [0x0000000773f80000,0x0000000773f80000,0x0000000775280000)
 ParOldGen       total 125440K, used 22758K [0x00000006c0400000, 0x00000006c7e80000, 0x000000076ac00000)
  object space 125440K, 18% used [0x00000006c0400000,0x00000006c1a39820,0x00000006c7e80000)
 Metaspace       used 30873K, capacity 31705K, committed 32000K, reserved 1077248K
  class space    used 3858K, capacity 4048K, committed 4096K, reserved 1048576K
}

Deoptimization events (10 events):
Event: 2.199 Thread 0x000000001f95a800 Uncommon trap: reason=class_check action=maybe_recompile pc=0x0000000003111678 method=java.util.regex.Matcher.search(I)Z @ 86
Event: 2.199 Thread 0x000000001f95a800 Uncommon trap: reason=class_check action=maybe_recompile pc=0x0000000003111678 method=java.util.regex.Matcher.search(I)Z @ 86
Event: 2.199 Thread 0x000000001f95a800 Uncommon trap: reason=class_check action=maybe_recompile pc=0x0000000003111678 method=java.util.regex.Matcher.search(I)Z @ 86
Event: 2.199 Thread 0x000000001f95a800 Uncommon trap: reason=class_check action=maybe_recompile pc=0x0000000003111678 method=java.util.regex.Matcher.search(I)Z @ 86
Event: 2.543 Thread 0x000000001f95a800 Uncommon trap: reason=unreached action=reinterpret pc=0x000000000325fd84 method=com.jogamp.common.util.IntObjectHashMap.put(ILjava/lang/Object;)Ljava/lang/Object; @ 21
Event: 3.492 Thread 0x000000001f83e000 Uncommon trap: reason=class_check action=maybe_recompile pc=0x00000000031f5328 method=java.util.regex.Pattern$Start.<init>(Ljava/util/regex/Pattern$Node;)V @ 22
Event: 3.492 Thread 0x000000001f83e000 Uncommon trap: reason=class_check action=maybe_recompile pc=0x000000000313bf34 method=java.util.regex.Pattern$Node.study(Ljava/util/regex/Pattern$TreeInfo;)Z @ 12
Event: 3.492 Thread 0x000000001f83e000 Uncommon trap: reason=class_check action=maybe_recompile pc=0x000000000313bf34 method=java.util.regex.Pattern$Node.study(Ljava/util/regex/Pattern$TreeInfo;)Z @ 12
Event: 10.978 Thread 0x000000001f81c800 Uncommon trap: reason=predicate action=maybe_recompile pc=0x00000000030ad3f4 method=java.util.Arrays.binarySearch0([Ljava/lang/Object;IILjava/lang/Object;Ljava/util/Comparator;)I @ 28
Event: 11.174 Thread 0x000000001f83e000 Uncommon trap: reason=unreached action=reinterpret pc=0x0000000003425428 method=processing.opengl.PGraphicsOpenGL$Tessellator.setLastTexIndex(II)V @ 4

Internal exceptions (10 events):
Event: 2.595 Thread 0x000000001f95a800 Exception <a 'java/security/PrivilegedActionException'> (0x000000076bafabd0) thrown at [D:\re\workspace\8-2-build-windows-amd64-cygwin\jdk8u25\1677\hotspot\src\share\vm\prims\jvm.cpp, line 1312]
Event: 2.595 Thread 0x000000001f95a800 Exception <a 'java/security/PrivilegedActionException'> (0x000000076bafd820) thrown at [D:\re\workspace\8-2-build-windows-amd64-cygwin\jdk8u25\1677\hotspot\src\share\vm\prims\jvm.cpp, line 1312]
Event: 2.595 Thread 0x000000001f95a800 Exception <a 'java/security/PrivilegedActionException'> (0x000000076bb00bf8) thrown at [D:\re\workspace\8-2-build-windows-amd64-cygwin\jdk8u25\1677\hotspot\src\share\vm\prims\jvm.cpp, line 1312]
Event: 2.596 Thread 0x000000001f95a800 Exception <a 'java/security/PrivilegedActionException'> (0x000000076bb06008) thrown at [D:\re\workspace\8-2-build-windows-amd64-cygwin\jdk8u25\1677\hotspot\src\share\vm\prims\jvm.cpp, line 1312]
Event: 2.606 Thread 0x000000001f95a800 Exception <a 'java/security/PrivilegedActionException'> (0x000000076bbda108) thrown at [D:\re\workspace\8-2-build-windows-amd64-cygwin\jdk8u25\1677\hotspot\src\share\vm\prims\jvm.cpp, line 1312]
Event: 6.667 Thread 0x000000001f83e000 Exception <a 'java/security/PrivilegedActionException'> (0x000000076ae10c68) thrown at [D:\re\workspace\8-2-build-windows-amd64-cygwin\jdk8u25\1677\hotspot\src\share\vm\prims\jvm.cpp, line 1312]
Event: 6.667 Thread 0x000000001f83e000 Exception <a 'java/security/PrivilegedActionException'> (0x000000076ae12f18) thrown at [D:\re\workspace\8-2-build-windows-amd64-cygwin\jdk8u25\1677\hotspot\src\share\vm\prims\jvm.cpp, line 1312]
Event: 6.667 Thread 0x000000001f83e000 Exception <a 'java/security/PrivilegedActionException'> (0x000000076ae163a0) thrown at [D:\re\workspace\8-2-build-windows-amd64-cygwin\jdk8u25\1677\hotspot\src\share\vm\prims\jvm.cpp, line 1312]
Event: 6.667 Thread 0x000000001f83e000 Exception <a 'java/security/PrivilegedActionException'> (0x000000076ae18678) thrown at [D:\re\workspace\8-2-build-windows-amd64-cygwin\jdk8u25\1677\hotspot\src\share\vm\prims\jvm.cpp, line 1312]
Event: 11.174 Thread 0x000000001f83e000 Implicit null exception at 0x00000000034252ec to 0x000000000342540d

Events (10 events):
Event: 8.976 Executing VM operation: ParallelGCFailedAllocation
Event: 8.981 Executing VM operation: ParallelGCFailedAllocation done
Event: 10.587 Executing VM operation: ParallelGCFailedAllocation
Event: 10.591 Executing VM operation: ParallelGCFailedAllocation done
Event: 10.978 Thread 0x000000001f81c800 Uncommon trap: trap_request=0xffffff86 fr.pc=0x00000000030ad3f4
Event: 10.978 Thread 0x000000001f81c800 DEOPT PACKING pc=0x00000000030ad3f4 sp=0x00000000231ace90
Event: 10.978 Thread 0x000000001f81c800 DEOPT UNPACKING pc=0x0000000002b3556a sp=0x00000000231ace38 mode 2
Event: 11.174 Thread 0x000000001f83e000 Uncommon trap: trap_request=0xffffffad fr.pc=0x0000000003425428
Event: 11.174 Thread 0x000000001f83e000 DEOPT PACKING pc=0x0000000003425428 sp=0x00000000234abbe0
Event: 11.174 Thread 0x000000001f83e000 DEOPT UNPACKING pc=0x0000000002b3556a sp=0x00000000234abb30 mode 2


Dynamic libraries:
0x00007ff60af80000 - 0x00007ff60afb4000 	C:\Program Files\Java\jre1.8.0_25\bin\javaw.exe
0x00007ff99ecc0000 - 0x00007ff99ee6a000 	C:\Windows\SYSTEM32\ntdll.dll
0x00007ff99c8e0000 - 0x00007ff99ca1a000 	C:\Windows\system32\KERNEL32.DLL
0x00007ff99c100000 - 0x00007ff99c20f000 	C:\Windows\system32\KERNELBASE.dll
0x00007ff99ac40000 - 0x00007ff99acc8000 	C:\Windows\system32\apphelp.dll
0x00007ff98ad90000 - 0x00007ff98addf000 	C:\Windows\AppPatch\AppPatch64\AcGenral.DLL
0x00007ff99ca20000 - 0x00007ff99cac7000 	C:\Windows\system32\msvcrt.dll
0x00007ff99be70000 - 0x00007ff99be9b000 	C:\Windows\SYSTEM32\SspiCli.dll
0x00007ff99e200000 - 0x00007ff99e251000 	C:\Windows\system32\SHLWAPI.dll
0x00007ff99cc10000 - 0x00007ff99cd81000 	C:\Windows\system32\USER32.dll
0x00007ff99e8d0000 - 0x00007ff99ea48000 	C:\Windows\system32\ole32.dll
0x00007ff99cda0000 - 0x00007ff99e1c0000 	C:\Windows\system32\SHELL32.dll
0x00007ff99b630000 - 0x00007ff99b64e000 	C:\Windows\SYSTEM32\USERENV.dll
0x00007ff99ec10000 - 0x00007ff99ecb5000 	C:\Windows\system32\ADVAPI32.dll
0x00007ff990020000 - 0x00007ff99003b000 	C:\Windows\SYSTEM32\MPR.dll
0x00007ff99cad0000 - 0x00007ff99cc06000 	C:\Windows\system32\RPCRT4.dll
0x00007ff99ebb0000 - 0x00007ff99ec07000 	C:\Windows\SYSTEM32\sechost.dll
0x00007ff99e370000 - 0x00007ff99e546000 	C:\Windows\SYSTEM32\combase.dll
0x00007ff99ea60000 - 0x00007ff99eba4000 	C:\Windows\system32\GDI32.dll
0x00007ff99c030000 - 0x00007ff99c044000 	C:\Windows\SYSTEM32\profapi.dll
0x00007ff99a670000 - 0x00007ff99a70f000 	C:\Windows\SYSTEM32\SHCORE.dll
0x00007ff99e1c0000 - 0x00007ff99e1f4000 	C:\Windows\system32\IMM32.DLL
0x00007ff99c6e0000 - 0x00007ff99c819000 	C:\Windows\system32\MSCTF.dll
0x00007ff999e80000 - 0x00007ff99a0da000 	C:\Windows\WinSxS\amd64_microsoft.windows.common-controls_6595b64144ccf1df_6.0.9600.17031_none_6242a4b3ecbb55a1\COMCTL32.dll
0x000000006a970000 - 0x000000006aa42000 	C:\Program Files\Java\jre1.8.0_25\bin\msvcr100.dll
0x000000006ab70000 - 0x000000006b3ca000 	C:\Program Files\Java\jre1.8.0_25\bin\server\jvm.dll
0x00007ff9980e0000 - 0x00007ff9980e9000 	C:\Windows\SYSTEM32\WSOCK32.dll
0x00007ff9984f0000 - 0x00007ff99850f000 	C:\Windows\SYSTEM32\WINMM.dll
0x00007ff99c600000 - 0x00007ff99c607000 	C:\Windows\system32\PSAPI.DLL
0x00007ff99e310000 - 0x00007ff99e368000 	C:\Windows\system32\WS2_32.dll
0x00007ff998440000 - 0x00007ff99846a000 	C:\Windows\SYSTEM32\WINMMBASE.dll
0x00007ff99cd90000 - 0x00007ff99cd99000 	C:\Windows\system32\NSI.dll
0x00007ff99c210000 - 0x00007ff99c25a000 	C:\Windows\SYSTEM32\cfgmgr32.dll
0x00007ff99aee0000 - 0x00007ff99af06000 	C:\Windows\SYSTEM32\DEVOBJ.dll
0x000000006ab60000 - 0x000000006ab6f000 	C:\Program Files\Java\jre1.8.0_25\bin\verify.dll
0x000000006ab30000 - 0x000000006ab58000 	C:\Program Files\Java\jre1.8.0_25\bin\java.dll
0x000000006ab10000 - 0x000000006ab26000 	C:\Program Files\Java\jre1.8.0_25\bin\zip.dll
0x000000006a7d0000 - 0x000000006a968000 	C:\Program Files\Java\jre1.8.0_25\bin\awt.dll
0x00007ff99c820000 - 0x00007ff99c8d7000 	C:\Windows\system32\OLEAUT32.dll
0x00007ff99a4a0000 - 0x00007ff99a4c0000 	C:\Windows\system32\DWMAPI.DLL
0x00007ff99ad30000 - 0x00007ff99ae51000 	C:\Windows\system32\uxtheme.dll
0x00007ff994750000 - 0x00007ff9947e8000 	C:\Program Files\Common Files\microsoft shared\ink\tiptsf.dll
0x0000000180000000 - 0x0000000180031000 	C:\Windows\system32\ImageSAFERFilter.dll
0x000000006b630000 - 0x000000006b703000 	C:\Windows\WinSxS\amd64_microsoft.vc90.crt_1fc8b3b9a1e18e3b_9.0.30729.8387_none_08e793bfa83a89b5\MSVCP90.dll
0x000000006b580000 - 0x000000006b623000 	C:\Windows\WinSxS\amd64_microsoft.vc90.crt_1fc8b3b9a1e18e3b_9.0.30729.8387_none_08e793bfa83a89b5\MSVCR90.dll
0x00007ff998550000 - 0x00007ff99855a000 	C:\Windows\system32\VERSION.dll
0x00007ff996ea0000 - 0x00007ff996ed0000 	C:\Windows\SYSTEM32\ntmarta.dll
0x00007ff9984e0000 - 0x00007ff9984e7000 	C:\Windows\SYSTEM32\MSIMG32.dll
0x00007ff99aeb0000 - 0x00007ff99aeba000 	C:\Windows\SYSTEM32\kernel.appcore.dll
0x00007ff99bf00000 - 0x00007ff99bf0a000 	C:\Windows\SYSTEM32\CRYPTBASE.dll
0x00007ff99bea0000 - 0x00007ff99bf00000 	C:\Windows\SYSTEM32\bcryptPrimitives.dll
0x00007ff992c50000 - 0x00007ff992e58000 	C:\Windows\system32\d3d9.dll
0x00007ff973c00000 - 0x00007ff974efe000 	C:\Windows\SYSTEM32\nvd3dumx.dll
0x0000000020640000 - 0x0000000020782000 	C:\Windows\system32\nvspcap64.dll
0x00007ff99c2b0000 - 0x00007ff99c487000 	C:\Windows\system32\CRYPT32.dll
0x00007ff99c0e0000 - 0x00007ff99c0f2000 	C:\Windows\system32\MSASN1.dll
0x00007ff997c50000 - 0x00007ff997f8c000 	C:\Windows\system32\nvapi64.dll
0x00007ff99e6f0000 - 0x00007ff99e8c4000 	C:\Windows\system32\SETUPAPI.dll
0x00007ff99bfd0000 - 0x00007ff99c015000 	C:\Windows\system32\powrprof.dll
0x00007ff997520000 - 0x00007ff997687000 	C:\Program Files (x86)\NVIDIA Corporation\3D Vision\nvSCPAPI64.dll
0x00007ff99c260000 - 0x00007ff99c2ac000 	C:\Windows\system32\WINTRUST.dll
0x00007ff999e00000 - 0x00007ff999e7f000 	C:\Windows\system32\dxgi.dll
0x000000006a7a0000 - 0x000000006a7cc000 	C:\Program Files\Java\jre1.8.0_25\bin\prism_d3d.dll
0x000000006a750000 - 0x000000006a792000 	C:\Program Files\Java\jre1.8.0_25\bin\glass.dll
0x00007ff99c560000 - 0x00007ff99c5fa000 	C:\Windows\system32\COMDLG32.dll
0x000000006a700000 - 0x000000006a747000 	C:\Program Files\Java\jre1.8.0_25\bin\fontmanager.dll
0x000000006a6e0000 - 0x000000006a6f5000 	C:\Program Files\Java\jre1.8.0_25\bin\javafx_font.dll
0x00007ff997a40000 - 0x00007ff997c27000 	C:\Windows\SYSTEM32\dwrite.dll
0x00007ff998150000 - 0x00007ff9981b3000 	C:\Windows\SYSTEM32\oleacc.dll
0x0000000021c60000 - 0x0000000021cb4000 	E:\Office and Education\unikey40RC2-1101-win64\UKHook40.dll
0x00007ff99b8b0000 - 0x00007ff99b8ce000 	C:\Windows\SYSTEM32\CRYPTSP.dll
0x00007ff99b5a0000 - 0x00007ff99b5d5000 	C:\Windows\system32\rsaenh.dll
0x00007ff99bb20000 - 0x00007ff99bb46000 	C:\Windows\SYSTEM32\bcrypt.dll
0x000000006aaf0000 - 0x000000006ab0a000 	C:\Program Files\Java\jre1.8.0_25\bin\net.dll
0x00007ff99b700000 - 0x00007ff99b758000 	C:\Windows\system32\mswsock.dll
0x00007ff9964c0000 - 0x00007ff9964e9000 	C:\Windows\SYSTEM32\IPHLPAPI.DLL
0x00007ff9964a0000 - 0x00007ff9964aa000 	C:\Windows\SYSTEM32\WINNSI.DLL
0x00007ff995f70000 - 0x00007ff995f84000 	C:\Windows\SYSTEM32\dhcpcsvc6.DLL
0x00007ff996140000 - 0x00007ff996159000 	C:\Windows\SYSTEM32\dhcpcsvc.DLL
0x000000006aad0000 - 0x000000006aae1000 	C:\Program Files\Java\jre1.8.0_25\bin\nio.dll
0x00000000637c0000 - 0x00000000637cd000 	C:\Users\Tran\AppData\Local\Temp\jogamp_0000\file_cache\jln1957373166186348435\jln5561107572948749293\gluegen-rt.dll
0x00007ff99e260000 - 0x00007ff99e304000 	C:\Windows\SYSTEM32\clbcatq.dll
0x000000006a6d0000 - 0x000000006a6d7000 	C:\Program Files\Java\jre1.8.0_25\bin\jawt.dll
0x000000006a440000 - 0x000000006a44d000 	C:\Users\Tran\AppData\Local\Temp\jogamp_0000\file_cache\jln1957373166186348435\jln5561107572948749293\nativewindow_awt.dll
0x000000006c100000 - 0x000000006c10f000 	C:\Users\Tran\AppData\Local\Temp\jogamp_0000\file_cache\jln1957373166186348435\jln5561107572948749293\nativewindow_win32.dll
0x00007ff986b90000 - 0x00007ff986cb1000 	C:\Windows\SYSTEM32\OpenGL32.dll
0x00007ff98ad60000 - 0x00007ff98ad8c000 	C:\Windows\SYSTEM32\GLU32.dll
0x00007ff986800000 - 0x00007ff9868f4000 	C:\Windows\SYSTEM32\DDRAW.dll
0x00007ff98b2a0000 - 0x00007ff98b2a9000 	C:\Windows\SYSTEM32\DCIMAN32.dll
0x0000000064500000 - 0x00000000645a0000 	C:\Users\Tran\AppData\Local\Temp\jogamp_0000\file_cache\jln1957373166186348435\jln5561107572948749293\jogl_desktop.dll
0x00007ff99a300000 - 0x00007ff99a493000 	C:\Windows\SYSTEM32\WindowsCodecs.dll
0x000000006a6a0000 - 0x000000006a6c5000 	C:\Program Files\Java\jre1.8.0_25\bin\javafx_iio.dll
0x000000006a680000 - 0x000000006a691000 	C:\Program Files\Java\jre1.8.0_25\bin\prism_common.dll
0x00007ff995650000 - 0x00007ff995ab7000 	C:\Windows\SYSTEM32\d2d1.dll
0x00007ff99a0e0000 - 0x00007ff99a2e8000 	C:\Windows\SYSTEM32\d3d11.dll
0x00007ff98fa10000 - 0x00007ff98fc5d000 	C:\Windows\SYSTEM32\D3D10Warp.dll
0x0000000027890000 - 0x0000000029733000 	C:\Windows\SYSTEM32\nvoglv64.DLL
0x00007ff99acd0000 - 0x00007ff99ace1000 	C:\Windows\SYSTEM32\WTSAPI32.dll
0x00007ff99be00000 - 0x00007ff99be57000 	C:\Windows\SYSTEM32\WINSTA.dll
0x00007ff9930e0000 - 0x00007ff993268000 	C:\Windows\SYSTEM32\dbghelp.dll

VM Arguments:
jvm_args: -Dfile.encoding=Cp1252 
java_command: magiclab.main.GuiGame
java_class_path (initial): S:\Users\Tran\workspace\Lego Rework\bin;S:\Users\Tran\workspace\Lego Rework\core\library\core.jar;S:\Users\Tran\workspace\Lego Rework\core\library\gluegen-rt-natives-windows-amd64.jar;S:\Users\Tran\workspace\Lego Rework\core\library\gluegen-rt.jar;S:\Users\Tran\workspace\Lego Rework\core\library\jogl-all-natives-windows-amd64.jar;S:\Users\Tran\workspace\Lego Rework\core\library\jogl-all.jar;S:\Users\Tran\workspace\Lego Rework\controlP5.jar;S:\Users\Tran\workspace\Lego Rework\controlsfx-8.20.8.jar;S:\Users\Tran\workspace\Lego Rework\OBJLoader.jar;S:\Users\Tran\workspace\Lego Rework\proscene.jar;E:\Office and Education\eclipse-standard-luna-R-win32-x86_64\eclipse\plugins\org.junit_4.11.0.v201303080030\junit.jar;E:\Office and Education\eclipse-standard-luna-R-win32-x86_64\eclipse\plugins\org.hamcrest.core_1.3.0.v201303031735.jar
Launcher Type: SUN_STANDARD

Environment Variables:
PATH=C:/Program Files/Java/jre1.8.0_25/bin/server;C:/Program Files/Java/jre1.8.0_25/bin;C:/Program Files/Java/jre1.8.0_25/lib/amd64;C:\ProgramData\Oracle\Java\javapath;C:\Program Files (x86)\NVIDIA Corporation\PhysX\Common;C:\Program Files\NVIDIA GPU Computing Toolkit\CUDA\v6.5\bin;C:\Program Files\NVIDIA GPU Computing Toolkit\CUDA\v6.5\libnvvp;C:\Windows\system32;C:\Windows;C:\Windows\System32\Wbem;C:\Windows\System32\WindowsPowerShell\v1.0\;C:\Program Files\Microsoft\Web Platform Installer\;C:\Program Files (x86)\Microsoft ASP.NET\ASP.NET Web Pages\v1.0\;C:\Program Files (x86)\Windows Kits\8.0\Windows Performance Toolkit\;C:\Program Files\Microsoft SQL Server\110\Tools\Binn\;C:\Program Files\TortoiseGit\bin;C:\Program Files\Common Files\Autodesk Shared\;C:\Program Files (x86)\Autodesk\Backburner\;S:\Program Files\proeWildfire 5.0\bin;S:\Program Files\proeWildfire 5.0\mech\bin;E:\Office and Education\eclipse-standard-luna-R-win32-x86_64\eclipse;
USERNAME=Tran
OS=Windows_NT
PROCESSOR_IDENTIFIER=Intel64 Family 6 Model 42 Stepping 7, GenuineIntel



---------------  S Y S T E M  ---------------

OS: Windows 8.1 , 64 bit Build 9600 

CPU:total 8 (4 cores per cpu, 2 threads per core) family 6 model 42 stepping 7, cmov, cx8, fxsr, mmx, sse, sse2, sse3, ssse3, sse4.1, sse4.2, popcnt, avx, aes, clmul, ht, tsc, tscinvbit

Memory: 4k page, physical 16759924k(12100696k free), swap 19381364k(12703008k free)

vm_info: Java HotSpot(TM) 64-Bit Server VM (25.25-b02) for windows-amd64 JRE (1.8.0_25-b18), built on Oct  7 2014 14:25:37 by "java_re" with MS VC++ 10.0 (VS2010)

time: Fri Nov 21 15:41:58 2014
elapsed time: 11 seconds (0d 0h 0m 11s)

